[25-Mar-2019 06:35:39 UTC] PHP Warning:  Uncaught ErrorException: require(/home/visiozuf/public_html/taxcash/routes/api.php): failed to open stream: No such file or directory in /home/visiozuf/public_html/taxcash/vendor/laravel/framework/src/Illuminate/Routing/Router.php:393
Stack trace:
#0 /home/visiozuf/public_html/taxcash/vendor/laravel/framework/src/Illuminate/Routing/Router.php(393): Illuminate\Foundation\Bootstrap\HandleExceptions->handleError(2, 'require(/home/v...', '/home/visiozuf/...', 393, Array)
#1 /home/visiozuf/public_html/taxcash/vendor/laravel/framework/src/Illuminate/Routing/Router.php(393): require()
#2 /home/visiozuf/public_html/taxcash/vendor/laravel/framework/src/Illuminate/Routing/Router.php(349): Illuminate\Routing\Router->loadRoutes('/home/visiozuf/...')
#3 /home/visiozuf/public_html/taxcash/vendor/laravel/framework/src/Illuminate/Routing/RouteRegistrar.php(105): Illuminate\Routing\Router->group(Array, '/home/visiozuf/...')
#4 /home/visiozuf/public_html/taxcash/app/Providers/RouteServiceProvider.php(71): Illuminate\Routing\Ro in /home/visiozuf/public_html/taxcash/vendor/laravel/framework/src/Illuminate/Routing/Router.php on line 393
[25-Mar-2019 06:35:39 UTC] PHP Fatal error:  Illuminate\Routing\Router::loadRoutes(): Failed opening required '/home/visiozuf/public_html/taxcash/routes/api.php' (include_path='.:/opt/alt/php71/usr/share/pear') in /home/visiozuf/public_html/taxcash/vendor/laravel/framework/src/Illuminate/Routing/Router.php on line 393
[25-Mar-2019 06:35:41 UTC] PHP Warning:  Uncaught ErrorException: require(/home/visiozuf/public_html/taxcash/routes/api.php): failed to open stream: No such file or directory in /home/visiozuf/public_html/taxcash/vendor/laravel/framework/src/Illuminate/Routing/Router.php:393
Stack trace:
#0 /home/visiozuf/public_html/taxcash/vendor/laravel/framework/src/Illuminate/Routing/Router.php(393): Illuminate\Foundation\Bootstrap\HandleExceptions->handleError(2, 'require(/home/v...', '/home/visiozuf/...', 393, Array)
#1 /home/visiozuf/public_html/taxcash/vendor/laravel/framework/src/Illuminate/Routing/Router.php(393): require()
#2 /home/visiozuf/public_html/taxcash/vendor/laravel/framework/src/Illuminate/Routing/Router.php(349): Illuminate\Routing\Router->loadRoutes('/home/visiozuf/...')
#3 /home/visiozuf/public_html/taxcash/vendor/laravel/framework/src/Illuminate/Routing/RouteRegistrar.php(105): Illuminate\Routing\Router->group(Array, '/home/visiozuf/...')
#4 /home/visiozuf/public_html/taxcash/app/Providers/RouteServiceProvider.php(71): Illuminate\Routing\Ro in /home/visiozuf/public_html/taxcash/vendor/laravel/framework/src/Illuminate/Routing/Router.php on line 393
[25-Mar-2019 06:35:41 UTC] PHP Fatal error:  Illuminate\Routing\Router::loadRoutes(): Failed opening required '/home/visiozuf/public_html/taxcash/routes/api.php' (include_path='.:/opt/alt/php71/usr/share/pear') in /home/visiozuf/public_html/taxcash/vendor/laravel/framework/src/Illuminate/Routing/Router.php on line 393
[25-Mar-2019 06:35:53 UTC] PHP Warning:  Uncaught ErrorException: require(/home/visiozuf/public_html/taxcash/routes/api.php): failed to open stream: No such file or directory in /home/visiozuf/public_html/taxcash/vendor/laravel/framework/src/Illuminate/Routing/Router.php:393
Stack trace:
#0 /home/visiozuf/public_html/taxcash/vendor/laravel/framework/src/Illuminate/Routing/Router.php(393): Illuminate\Foundation\Bootstrap\HandleExceptions->handleError(2, 'require(/home/v...', '/home/visiozuf/...', 393, Array)
#1 /home/visiozuf/public_html/taxcash/vendor/laravel/framework/src/Illuminate/Routing/Router.php(393): require()
#2 /home/visiozuf/public_html/taxcash/vendor/laravel/framework/src/Illuminate/Routing/Router.php(349): Illuminate\Routing\Router->loadRoutes('/home/visiozuf/...')
#3 /home/visiozuf/public_html/taxcash/vendor/laravel/framework/src/Illuminate/Routing/RouteRegistrar.php(105): Illuminate\Routing\Router->group(Array, '/home/visiozuf/...')
#4 /home/visiozuf/public_html/taxcash/app/Providers/RouteServiceProvider.php(71): Illuminate\Routing\Ro in /home/visiozuf/public_html/taxcash/vendor/laravel/framework/src/Illuminate/Routing/Router.php on line 393
[25-Mar-2019 06:35:53 UTC] PHP Fatal error:  Illuminate\Routing\Router::loadRoutes(): Failed opening required '/home/visiozuf/public_html/taxcash/routes/api.php' (include_path='.:/opt/alt/php71/usr/share/pear') in /home/visiozuf/public_html/taxcash/vendor/laravel/framework/src/Illuminate/Routing/Router.php on line 393
[02-Jul-2019 16:43:52 UTC] PHP Fatal error:  Uncaught Error: Class 'Artesaos\SEOTools\Providers\SEOToolsServiceProvider' not found in /home/yyp0cgtzziy3/easycashmoneyloans.com/vendor/laravel/framework/src/Illuminate/Foundation/Application.php:635
Stack trace:
#0 /home/yyp0cgtzziy3/easycashmoneyloans.com/vendor/laravel/framework/src/Illuminate/Foundation/Application.php(582): Illuminate\Foundation\Application->resolveProvider('Artesaos\\SEOToo...')
#1 /home/yyp0cgtzziy3/easycashmoneyloans.com/bootstrap/app.php(44): Illuminate\Foundation\Application->register('Artesaos\\SEOToo...')
#2 /home/yyp0cgtzziy3/easycashmoneyloans.com/public/index.php(38): require_once('/home/yyp0cgtzz...')
#3 {main}
  thrown in /home/yyp0cgtzziy3/easycashmoneyloans.com/vendor/laravel/framework/src/Illuminate/Foundation/Application.php on line 635
[02-Aug-2022 17:58:12 UTC] PHP Fatal error:  Uncaught ReflectionException: Class "config" does not exist in /home/upayx/getcashfast.ca/vendor/laravel/framework/src/Illuminate/Container/Container.php:875
Stack trace:
#0 /home/upayx/getcashfast.ca/vendor/laravel/framework/src/Illuminate/Container/Container.php(875): ReflectionClass->__construct('config')
#1 /home/upayx/getcashfast.ca/vendor/laravel/framework/src/Illuminate/Container/Container.php(756): Illuminate\Container\Container->build('config')
#2 /home/upayx/getcashfast.ca/vendor/laravel/framework/src/Illuminate/Foundation/Application.php(855): Illuminate\Container\Container->resolve('config', Array, true)
#3 /home/upayx/getcashfast.ca/vendor/laravel/framework/src/Illuminate/Container/Container.php(692): Illuminate\Foundation\Application->resolve('config', Array)
#4 /home/upayx/getcashfast.ca/vendor/laravel/framework/src/Illuminate/Foundation/Application.php(840): Illuminate\Container\Container->make('config', Array)
#5 /home/upayx/getcashfast.ca/vendor/laravel/framework/src/Illuminate/Container/Container.php(1415): Illuminate\Foundation\Application->make('config')
#6 /home/upayx/getcashfast.ca/vendor/laravel/framework/src/Illuminate/Log/LogManager.php(469): Illuminate\Container\Container->offsetGet('config')
#7 /home/upayx/getcashfast.ca/vendor/laravel/framework/src/Illuminate/Log/LogManager.php(520): Illuminate\Log\LogManager->getDefaultDriver()
#8 /home/upayx/getcashfast.ca/vendor/laravel/framework/src/Illuminate/Log/LogManager.php(112): Illuminate\Log\LogManager->parseDriver(NULL)
#9 /home/upayx/getcashfast.ca/vendor/laravel/framework/src/Illuminate/Log/LogManager.php(656): Illuminate\Log\LogManager->driver()
#10 /home/upayx/getcashfast.ca/vendor/laravel/framework/src/Illuminate/Foundation/Exceptions/Handler.php(274): Illuminate\Log\LogManager->log('error', 'Call to undefin...', Array)
#11 /home/upayx/getcashfast.ca/vendor/laravel/framework/src/Illuminate/Foundation/Http/Kernel.php(415): Illuminate\Foundation\Exceptions\Handler->report(Object(Error))
#12 /home/upayx/getcashfast.ca/vendor/laravel/framework/src/Illuminate/Foundation/Http/Kernel.php(113): Illuminate\Foundation\Http\Kernel->reportException(Object(Error))
#13 /home/upayx/getcashfast.ca/public/index.php(55): Illuminate\Foundation\Http\Kernel->handle(Object(Illuminate\Http\Request))
#14 {main}

Next Illuminate\Contracts\Container\BindingResolutionException: Target class [config] does not exist. in /home/upayx/getcashfast.ca/vendor/laravel/framework/src/Illuminate/Container/Container.php:877
Stack trace:
#0 /home/upayx/getcashfast.ca/vendor/laravel/framework/src/Illuminate/Container/Container.php(756): Illuminate\Container\Container->build('config')
#1 /home/upayx/getcashfast.ca/vendor/laravel/framework/src/Illuminate/Foundation/Application.php(855): Illuminate\Container\Container->resolve('config', Array, true)
#2 /home/upayx/getcashfast.ca/vendor/laravel/framework/src/Illuminate/Container/Container.php(692): Illuminate\Foundation\Application->resolve('config', Array)
#3 /home/upayx/getcashfast.ca/vendor/laravel/framework/src/Illuminate/Foundation/Application.php(840): Illuminate\Container\Container->make('config', Array)
#4 /home/upayx/getcashfast.ca/vendor/laravel/framework/src/Illuminate/Container/Container.php(1415): Illuminate\Foundation\Application->make('config')
#5 /home/upayx/getcashfast.ca/vendor/laravel/framework/src/Illuminate/Log/LogManager.php(469): Illuminate\Container\Container->offsetGet('config')
#6 /home/upayx/getcashfast.ca/vendor/laravel/framework/src/Illuminate/Log/LogManager.php(520): Illuminate\Log\LogManager->getDefaultDriver()
#7 /home/upayx/getcashfast.ca/vendor/laravel/framework/src/Illuminate/Log/LogManager.php(112): Illuminate\Log\LogManager->parseDriver(NULL)
#8 /home/upayx/getcashfast.ca/vendor/laravel/framework/src/Illuminate/Log/LogManager.php(656): Illuminate\Log\LogManager->driver()
#9 /home/upayx/getcashfast.ca/vendor/laravel/framework/src/Illuminate/Foundation/Exceptions/Handler.php(274): Illuminate\Log\LogManager->log('error', 'Call to undefin...', Array)
#10 /home/upayx/getcashfast.ca/vendor/laravel/framework/src/Illuminate/Foundation/Http/Kernel.php(415): Illuminate\Foundation\Exceptions\Handler->report(Object(Error))
#11 /home/upayx/getcashfast.ca/vendor/laravel/framework/src/Illuminate/Foundation/Http/Kernel.php(113): Illuminate\Foundation\Http\Kernel->reportException(Object(Error))
#12 /home/upayx/getcashfast.ca/public/index.php(55): Illuminate\Foundation\Http\Kernel->handle(Object(Illuminate\Http\Request))
#13 {main}
  thrown in /home/upayx/getcashfast.ca/vendor/laravel/framework/src/Illuminate/Container/Container.php on line 877
[02-Aug-2022 17:58:55 UTC] PHP Fatal error:  Uncaught ReflectionException: Class "config" does not exist in /home/upayx/getcashfast.ca/vendor/laravel/framework/src/Illuminate/Container/Container.php:875
Stack trace:
#0 /home/upayx/getcashfast.ca/vendor/laravel/framework/src/Illuminate/Container/Container.php(875): ReflectionClass->__construct('config')
#1 /home/upayx/getcashfast.ca/vendor/laravel/framework/src/Illuminate/Container/Container.php(756): Illuminate\Container\Container->build('config')
#2 /home/upayx/getcashfast.ca/vendor/laravel/framework/src/Illuminate/Foundation/Application.php(855): Illuminate\Container\Container->resolve('config', Array, true)
#3 /home/upayx/getcashfast.ca/vendor/laravel/framework/src/Illuminate/Container/Container.php(692): Illuminate\Foundation\Application->resolve('config', Array)
#4 /home/upayx/getcashfast.ca/vendor/laravel/framework/src/Illuminate/Foundation/Application.php(840): Illuminate\Container\Container->make('config', Array)
#5 /home/upayx/getcashfast.ca/vendor/laravel/framework/src/Illuminate/Container/Container.php(1415): Illuminate\Foundation\Application->make('config')
#6 /home/upayx/getcashfast.ca/vendor/laravel/framework/src/Illuminate/Log/LogManager.php(469): Illuminate\Container\Container->offsetGet('config')
#7 /home/upayx/getcashfast.ca/vendor/laravel/framework/src/Illuminate/Log/LogManager.php(520): Illuminate\Log\LogManager->getDefaultDriver()
#8 /home/upayx/getcashfast.ca/vendor/laravel/framework/src/Illuminate/Log/LogManager.php(112): Illuminate\Log\LogManager->parseDriver(NULL)
#9 /home/upayx/getcashfast.ca/vendor/laravel/framework/src/Illuminate/Log/LogManager.php(656): Illuminate\Log\LogManager->driver()
#10 /home/upayx/getcashfast.ca/vendor/laravel/framework/src/Illuminate/Foundation/Exceptions/Handler.php(274): Illuminate\Log\LogManager->log('error', 'Call to undefin...', Array)
#11 /home/upayx/getcashfast.ca/vendor/laravel/framework/src/Illuminate/Foundation/Http/Kernel.php(415): Illuminate\Foundation\Exceptions\Handler->report(Object(Error))
#12 /home/upayx/getcashfast.ca/vendor/laravel/framework/src/Illuminate/Foundation/Http/Kernel.php(113): Illuminate\Foundation\Http\Kernel->reportException(Object(Error))
#13 /home/upayx/getcashfast.ca/public/index.php(55): Illuminate\Foundation\Http\Kernel->handle(Object(Illuminate\Http\Request))
#14 {main}

Next Illuminate\Contracts\Container\BindingResolutionException: Target class [config] does not exist. in /home/upayx/getcashfast.ca/vendor/laravel/framework/src/Illuminate/Container/Container.php:877
Stack trace:
#0 /home/upayx/getcashfast.ca/vendor/laravel/framework/src/Illuminate/Container/Container.php(756): Illuminate\Container\Container->build('config')
#1 /home/upayx/getcashfast.ca/vendor/laravel/framework/src/Illuminate/Foundation/Application.php(855): Illuminate\Container\Container->resolve('config', Array, true)
#2 /home/upayx/getcashfast.ca/vendor/laravel/framework/src/Illuminate/Container/Container.php(692): Illuminate\Foundation\Application->resolve('config', Array)
#3 /home/upayx/getcashfast.ca/vendor/laravel/framework/src/Illuminate/Foundation/Application.php(840): Illuminate\Container\Container->make('config', Array)
#4 /home/upayx/getcashfast.ca/vendor/laravel/framework/src/Illuminate/Container/Container.php(1415): Illuminate\Foundation\Application->make('config')
#5 /home/upayx/getcashfast.ca/vendor/laravel/framework/src/Illuminate/Log/LogManager.php(469): Illuminate\Container\Container->offsetGet('config')
#6 /home/upayx/getcashfast.ca/vendor/laravel/framework/src/Illuminate/Log/LogManager.php(520): Illuminate\Log\LogManager->getDefaultDriver()
#7 /home/upayx/getcashfast.ca/vendor/laravel/framework/src/Illuminate/Log/LogManager.php(112): Illuminate\Log\LogManager->parseDriver(NULL)
#8 /home/upayx/getcashfast.ca/vendor/laravel/framework/src/Illuminate/Log/LogManager.php(656): Illuminate\Log\LogManager->driver()
#9 /home/upayx/getcashfast.ca/vendor/laravel/framework/src/Illuminate/Foundation/Exceptions/Handler.php(274): Illuminate\Log\LogManager->log('error', 'Call to undefin...', Array)
#10 /home/upayx/getcashfast.ca/vendor/laravel/framework/src/Illuminate/Foundation/Http/Kernel.php(415): Illuminate\Foundation\Exceptions\Handler->report(Object(Error))
#11 /home/upayx/getcashfast.ca/vendor/laravel/framework/src/Illuminate/Foundation/Http/Kernel.php(113): Illuminate\Foundation\Http\Kernel->reportException(Object(Error))
#12 /home/upayx/getcashfast.ca/public/index.php(55): Illuminate\Foundation\Http\Kernel->handle(Object(Illuminate\Http\Request))
#13 {main}
  thrown in /home/upayx/getcashfast.ca/vendor/laravel/framework/src/Illuminate/Container/Container.php on line 877
[02-Aug-2022 18:12:21 UTC] PHP Fatal error:  Uncaught ReflectionException: Class "config" does not exist in /home/upayx/getcashfast.ca/vendor/laravel/framework/src/Illuminate/Container/Container.php:875
Stack trace:
#0 /home/upayx/getcashfast.ca/vendor/laravel/framework/src/Illuminate/Container/Container.php(875): ReflectionClass->__construct('config')
#1 /home/upayx/getcashfast.ca/vendor/laravel/framework/src/Illuminate/Container/Container.php(756): Illuminate\Container\Container->build('config')
#2 /home/upayx/getcashfast.ca/vendor/laravel/framework/src/Illuminate/Foundation/Application.php(855): Illuminate\Container\Container->resolve('config', Array, true)
#3 /home/upayx/getcashfast.ca/vendor/laravel/framework/src/Illuminate/Container/Container.php(692): Illuminate\Foundation\Application->resolve('config', Array)
#4 /home/upayx/getcashfast.ca/vendor/laravel/framework/src/Illuminate/Foundation/Application.php(840): Illuminate\Container\Container->make('config', Array)
#5 /home/upayx/getcashfast.ca/vendor/laravel/framework/src/Illuminate/Container/Container.php(1415): Illuminate\Foundation\Application->make('config')
#6 /home/upayx/getcashfast.ca/vendor/laravel/framework/src/Illuminate/Log/LogManager.php(469): Illuminate\Container\Container->offsetGet('config')
#7 /home/upayx/getcashfast.ca/vendor/laravel/framework/src/Illuminate/Log/LogManager.php(520): Illuminate\Log\LogManager->getDefaultDriver()
#8 /home/upayx/getcashfast.ca/vendor/laravel/framework/src/Illuminate/Log/LogManager.php(112): Illuminate\Log\LogManager->parseDriver(NULL)
#9 /home/upayx/getcashfast.ca/vendor/laravel/framework/src/Illuminate/Log/LogManager.php(656): Illuminate\Log\LogManager->driver()
#10 /home/upayx/getcashfast.ca/vendor/laravel/framework/src/Illuminate/Foundation/Exceptions/Handler.php(274): Illuminate\Log\LogManager->log('error', 'Call to undefin...', Array)
#11 /home/upayx/getcashfast.ca/vendor/laravel/framework/src/Illuminate/Foundation/Http/Kernel.php(415): Illuminate\Foundation\Exceptions\Handler->report(Object(Error))
#12 /home/upayx/getcashfast.ca/vendor/laravel/framework/src/Illuminate/Foundation/Http/Kernel.php(113): Illuminate\Foundation\Http\Kernel->reportException(Object(Error))
#13 /home/upayx/getcashfast.ca/public/index.php(55): Illuminate\Foundation\Http\Kernel->handle(Object(Illuminate\Http\Request))
#14 {main}

Next Illuminate\Contracts\Container\BindingResolutionException: Target class [config] does not exist. in /home/upayx/getcashfast.ca/vendor/laravel/framework/src/Illuminate/Container/Container.php:877
Stack trace:
#0 /home/upayx/getcashfast.ca/vendor/laravel/framework/src/Illuminate/Container/Container.php(756): Illuminate\Container\Container->build('config')
#1 /home/upayx/getcashfast.ca/vendor/laravel/framework/src/Illuminate/Foundation/Application.php(855): Illuminate\Container\Container->resolve('config', Array, true)
#2 /home/upayx/getcashfast.ca/vendor/laravel/framework/src/Illuminate/Container/Container.php(692): Illuminate\Foundation\Application->resolve('config', Array)
#3 /home/upayx/getcashfast.ca/vendor/laravel/framework/src/Illuminate/Foundation/Application.php(840): Illuminate\Container\Container->make('config', Array)
#4 /home/upayx/getcashfast.ca/vendor/laravel/framework/src/Illuminate/Container/Container.php(1415): Illuminate\Foundation\Application->make('config')
#5 /home/upayx/getcashfast.ca/vendor/laravel/framework/src/Illuminate/Log/LogManager.php(469): Illuminate\Container\Container->offsetGet('config')
#6 /home/upayx/getcashfast.ca/vendor/laravel/framework/src/Illuminate/Log/LogManager.php(520): Illuminate\Log\LogManager->getDefaultDriver()
#7 /home/upayx/getcashfast.ca/vendor/laravel/framework/src/Illuminate/Log/LogManager.php(112): Illuminate\Log\LogManager->parseDriver(NULL)
#8 /home/upayx/getcashfast.ca/vendor/laravel/framework/src/Illuminate/Log/LogManager.php(656): Illuminate\Log\LogManager->driver()
#9 /home/upayx/getcashfast.ca/vendor/laravel/framework/src/Illuminate/Foundation/Exceptions/Handler.php(274): Illuminate\Log\LogManager->log('error', 'Call to undefin...', Array)
#10 /home/upayx/getcashfast.ca/vendor/laravel/framework/src/Illuminate/Foundation/Http/Kernel.php(415): Illuminate\Foundation\Exceptions\Handler->report(Object(Error))
#11 /home/upayx/getcashfast.ca/vendor/laravel/framework/src/Illuminate/Foundation/Http/Kernel.php(113): Illuminate\Foundation\Http\Kernel->reportException(Object(Error))
#12 /home/upayx/getcashfast.ca/public/index.php(55): Illuminate\Foundation\Http\Kernel->handle(Object(Illuminate\Http\Request))
#13 {main}
  thrown in /home/upayx/getcashfast.ca/vendor/laravel/framework/src/Illuminate/Container/Container.php on line 877
[02-Aug-2022 18:25:34 UTC] PHP Fatal error:  Uncaught ReflectionException: Class "config" does not exist in /home/upayx/getcashfast.ca/vendor/laravel/framework/src/Illuminate/Container/Container.php:875
Stack trace:
#0 /home/upayx/getcashfast.ca/vendor/laravel/framework/src/Illuminate/Container/Container.php(875): ReflectionClass->__construct('config')
#1 /home/upayx/getcashfast.ca/vendor/laravel/framework/src/Illuminate/Container/Container.php(756): Illuminate\Container\Container->build('config')
#2 /home/upayx/getcashfast.ca/vendor/laravel/framework/src/Illuminate/Foundation/Application.php(855): Illuminate\Container\Container->resolve('config', Array, true)
#3 /home/upayx/getcashfast.ca/vendor/laravel/framework/src/Illuminate/Container/Container.php(692): Illuminate\Foundation\Application->resolve('config', Array)
#4 /home/upayx/getcashfast.ca/vendor/laravel/framework/src/Illuminate/Foundation/Application.php(840): Illuminate\Container\Container->make('config', Array)
#5 /home/upayx/getcashfast.ca/vendor/laravel/framework/src/Illuminate/Container/Container.php(1415): Illuminate\Foundation\Application->make('config')
#6 /home/upayx/getcashfast.ca/vendor/laravel/framework/src/Illuminate/Log/LogManager.php(469): Illuminate\Container\Container->offsetGet('config')
#7 /home/upayx/getcashfast.ca/vendor/laravel/framework/src/Illuminate/Log/LogManager.php(520): Illuminate\Log\LogManager->getDefaultDriver()
#8 /home/upayx/getcashfast.ca/vendor/laravel/framework/src/Illuminate/Log/LogManager.php(112): Illuminate\Log\LogManager->parseDriver(NULL)
#9 /home/upayx/getcashfast.ca/vendor/laravel/framework/src/Illuminate/Log/LogManager.php(656): Illuminate\Log\LogManager->driver()
#10 /home/upayx/getcashfast.ca/vendor/laravel/framework/src/Illuminate/Foundation/Exceptions/Handler.php(274): Illuminate\Log\LogManager->log('error', 'Call to undefin...', Array)
#11 /home/upayx/getcashfast.ca/vendor/laravel/framework/src/Illuminate/Foundation/Http/Kernel.php(415): Illuminate\Foundation\Exceptions\Handler->report(Object(Error))
#12 /home/upayx/getcashfast.ca/vendor/laravel/framework/src/Illuminate/Foundation/Http/Kernel.php(113): Illuminate\Foundation\Http\Kernel->reportException(Object(Error))
#13 /home/upayx/getcashfast.ca/public/index.php(55): Illuminate\Foundation\Http\Kernel->handle(Object(Illuminate\Http\Request))
#14 {main}

Next Illuminate\Contracts\Container\BindingResolutionException: Target class [config] does not exist. in /home/upayx/getcashfast.ca/vendor/laravel/framework/src/Illuminate/Container/Container.php:877
Stack trace:
#0 /home/upayx/getcashfast.ca/vendor/laravel/framework/src/Illuminate/Container/Container.php(756): Illuminate\Container\Container->build('config')
#1 /home/upayx/getcashfast.ca/vendor/laravel/framework/src/Illuminate/Foundation/Application.php(855): Illuminate\Container\Container->resolve('config', Array, true)
#2 /home/upayx/getcashfast.ca/vendor/laravel/framework/src/Illuminate/Container/Container.php(692): Illuminate\Foundation\Application->resolve('config', Array)
#3 /home/upayx/getcashfast.ca/vendor/laravel/framework/src/Illuminate/Foundation/Application.php(840): Illuminate\Container\Container->make('config', Array)
#4 /home/upayx/getcashfast.ca/vendor/laravel/framework/src/Illuminate/Container/Container.php(1415): Illuminate\Foundation\Application->make('config')
#5 /home/upayx/getcashfast.ca/vendor/laravel/framework/src/Illuminate/Log/LogManager.php(469): Illuminate\Container\Container->offsetGet('config')
#6 /home/upayx/getcashfast.ca/vendor/laravel/framework/src/Illuminate/Log/LogManager.php(520): Illuminate\Log\LogManager->getDefaultDriver()
#7 /home/upayx/getcashfast.ca/vendor/laravel/framework/src/Illuminate/Log/LogManager.php(112): Illuminate\Log\LogManager->parseDriver(NULL)
#8 /home/upayx/getcashfast.ca/vendor/laravel/framework/src/Illuminate/Log/LogManager.php(656): Illuminate\Log\LogManager->driver()
#9 /home/upayx/getcashfast.ca/vendor/laravel/framework/src/Illuminate/Foundation/Exceptions/Handler.php(274): Illuminate\Log\LogManager->log('error', 'Call to undefin...', Array)
#10 /home/upayx/getcashfast.ca/vendor/laravel/framework/src/Illuminate/Foundation/Http/Kernel.php(415): Illuminate\Foundation\Exceptions\Handler->report(Object(Error))
#11 /home/upayx/getcashfast.ca/vendor/laravel/framework/src/Illuminate/Foundation/Http/Kernel.php(113): Illuminate\Foundation\Http\Kernel->reportException(Object(Error))
#12 /home/upayx/getcashfast.ca/public/index.php(55): Illuminate\Foundation\Http\Kernel->handle(Object(Illuminate\Http\Request))
#13 {main}
  thrown in /home/upayx/getcashfast.ca/vendor/laravel/framework/src/Illuminate/Container/Container.php on line 877
[02-Aug-2022 18:45:13 UTC] PHP Fatal error:  Uncaught ReflectionException: Class "config" does not exist in /home/upayx/getcashfast.ca/vendor/laravel/framework/src/Illuminate/Container/Container.php:875
Stack trace:
#0 /home/upayx/getcashfast.ca/vendor/laravel/framework/src/Illuminate/Container/Container.php(875): ReflectionClass->__construct('config')
#1 /home/upayx/getcashfast.ca/vendor/laravel/framework/src/Illuminate/Container/Container.php(756): Illuminate\Container\Container->build('config')
#2 /home/upayx/getcashfast.ca/vendor/laravel/framework/src/Illuminate/Foundation/Application.php(855): Illuminate\Container\Container->resolve('config', Array, true)
#3 /home/upayx/getcashfast.ca/vendor/laravel/framework/src/Illuminate/Container/Container.php(692): Illuminate\Foundation\Application->resolve('config', Array)
#4 /home/upayx/getcashfast.ca/vendor/laravel/framework/src/Illuminate/Foundation/Application.php(840): Illuminate\Container\Container->make('config', Array)
#5 /home/upayx/getcashfast.ca/vendor/laravel/framework/src/Illuminate/Container/Container.php(1415): Illuminate\Foundation\Application->make('config')
#6 /home/upayx/getcashfast.ca/vendor/laravel/framework/src/Illuminate/Log/LogManager.php(469): Illuminate\Container\Container->offsetGet('config')
#7 /home/upayx/getcashfast.ca/vendor/laravel/framework/src/Illuminate/Log/LogManager.php(520): Illuminate\Log\LogManager->getDefaultDriver()
#8 /home/upayx/getcashfast.ca/vendor/laravel/framework/src/Illuminate/Log/LogManager.php(112): Illuminate\Log\LogManager->parseDriver(NULL)
#9 /home/upayx/getcashfast.ca/vendor/laravel/framework/src/Illuminate/Log/LogManager.php(656): Illuminate\Log\LogManager->driver()
#10 /home/upayx/getcashfast.ca/vendor/laravel/framework/src/Illuminate/Foundation/Exceptions/Handler.php(274): Illuminate\Log\LogManager->log('error', 'Call to undefin...', Array)
#11 /home/upayx/getcashfast.ca/vendor/laravel/framework/src/Illuminate/Foundation/Http/Kernel.php(415): Illuminate\Foundation\Exceptions\Handler->report(Object(Error))
#12 /home/upayx/getcashfast.ca/vendor/laravel/framework/src/Illuminate/Foundation/Http/Kernel.php(113): Illuminate\Foundation\Http\Kernel->reportException(Object(Error))
#13 /home/upayx/getcashfast.ca/public/index.php(55): Illuminate\Foundation\Http\Kernel->handle(Object(Illuminate\Http\Request))
#14 {main}

Next Illuminate\Contracts\Container\BindingResolutionException: Target class [config] does not exist. in /home/upayx/getcashfast.ca/vendor/laravel/framework/src/Illuminate/Container/Container.php:877
Stack trace:
#0 /home/upayx/getcashfast.ca/vendor/laravel/framework/src/Illuminate/Container/Container.php(756): Illuminate\Container\Container->build('config')
#1 /home/upayx/getcashfast.ca/vendor/laravel/framework/src/Illuminate/Foundation/Application.php(855): Illuminate\Container\Container->resolve('config', Array, true)
#2 /home/upayx/getcashfast.ca/vendor/laravel/framework/src/Illuminate/Container/Container.php(692): Illuminate\Foundation\Application->resolve('config', Array)
#3 /home/upayx/getcashfast.ca/vendor/laravel/framework/src/Illuminate/Foundation/Application.php(840): Illuminate\Container\Container->make('config', Array)
#4 /home/upayx/getcashfast.ca/vendor/laravel/framework/src/Illuminate/Container/Container.php(1415): Illuminate\Foundation\Application->make('config')
#5 /home/upayx/getcashfast.ca/vendor/laravel/framework/src/Illuminate/Log/LogManager.php(469): Illuminate\Container\Container->offsetGet('config')
#6 /home/upayx/getcashfast.ca/vendor/laravel/framework/src/Illuminate/Log/LogManager.php(520): Illuminate\Log\LogManager->getDefaultDriver()
#7 /home/upayx/getcashfast.ca/vendor/laravel/framework/src/Illuminate/Log/LogManager.php(112): Illuminate\Log\LogManager->parseDriver(NULL)
#8 /home/upayx/getcashfast.ca/vendor/laravel/framework/src/Illuminate/Log/LogManager.php(656): Illuminate\Log\LogManager->driver()
#9 /home/upayx/getcashfast.ca/vendor/laravel/framework/src/Illuminate/Foundation/Exceptions/Handler.php(274): Illuminate\Log\LogManager->log('error', 'Call to undefin...', Array)
#10 /home/upayx/getcashfast.ca/vendor/laravel/framework/src/Illuminate/Foundation/Http/Kernel.php(415): Illuminate\Foundation\Exceptions\Handler->report(Object(Error))
#11 /home/upayx/getcashfast.ca/vendor/laravel/framework/src/Illuminate/Foundation/Http/Kernel.php(113): Illuminate\Foundation\Http\Kernel->reportException(Object(Error))
#12 /home/upayx/getcashfast.ca/public/index.php(55): Illuminate\Foundation\Http\Kernel->handle(Object(Illuminate\Http\Request))
#13 {main}
  thrown in /home/upayx/getcashfast.ca/vendor/laravel/framework/src/Illuminate/Container/Container.php on line 877
[02-Aug-2022 18:51:48 UTC] PHP Fatal error:  Uncaught ReflectionException: Class "config" does not exist in /home/upayx/getcashfast.ca/vendor/laravel/framework/src/Illuminate/Container/Container.php:875
Stack trace:
#0 /home/upayx/getcashfast.ca/vendor/laravel/framework/src/Illuminate/Container/Container.php(875): ReflectionClass->__construct('config')
#1 /home/upayx/getcashfast.ca/vendor/laravel/framework/src/Illuminate/Container/Container.php(756): Illuminate\Container\Container->build('config')
#2 /home/upayx/getcashfast.ca/vendor/laravel/framework/src/Illuminate/Foundation/Application.php(855): Illuminate\Container\Container->resolve('config', Array, true)
#3 /home/upayx/getcashfast.ca/vendor/laravel/framework/src/Illuminate/Container/Container.php(692): Illuminate\Foundation\Application->resolve('config', Array)
#4 /home/upayx/getcashfast.ca/vendor/laravel/framework/src/Illuminate/Foundation/Application.php(840): Illuminate\Container\Container->make('config', Array)
#5 /home/upayx/getcashfast.ca/vendor/laravel/framework/src/Illuminate/Container/Container.php(1415): Illuminate\Foundation\Application->make('config')
#6 /home/upayx/getcashfast.ca/vendor/laravel/framework/src/Illuminate/Log/LogManager.php(469): Illuminate\Container\Container->offsetGet('config')
#7 /home/upayx/getcashfast.ca/vendor/laravel/framework/src/Illuminate/Log/LogManager.php(520): Illuminate\Log\LogManager->getDefaultDriver()
#8 /home/upayx/getcashfast.ca/vendor/laravel/framework/src/Illuminate/Log/LogManager.php(112): Illuminate\Log\LogManager->parseDriver(NULL)
#9 /home/upayx/getcashfast.ca/vendor/laravel/framework/src/Illuminate/Log/LogManager.php(656): Illuminate\Log\LogManager->driver()
#10 /home/upayx/getcashfast.ca/vendor/laravel/framework/src/Illuminate/Foundation/Exceptions/Handler.php(274): Illuminate\Log\LogManager->log('error', 'Call to undefin...', Array)
#11 /home/upayx/getcashfast.ca/vendor/laravel/framework/src/Illuminate/Foundation/Http/Kernel.php(415): Illuminate\Foundation\Exceptions\Handler->report(Object(Error))
#12 /home/upayx/getcashfast.ca/vendor/laravel/framework/src/Illuminate/Foundation/Http/Kernel.php(113): Illuminate\Foundation\Http\Kernel->reportException(Object(Error))
#13 /home/upayx/getcashfast.ca/public/index.php(55): Illuminate\Foundation\Http\Kernel->handle(Object(Illuminate\Http\Request))
#14 {main}

Next Illuminate\Contracts\Container\BindingResolutionException: Target class [config] does not exist. in /home/upayx/getcashfast.ca/vendor/laravel/framework/src/Illuminate/Container/Container.php:877
Stack trace:
#0 /home/upayx/getcashfast.ca/vendor/laravel/framework/src/Illuminate/Container/Container.php(756): Illuminate\Container\Container->build('config')
#1 /home/upayx/getcashfast.ca/vendor/laravel/framework/src/Illuminate/Foundation/Application.php(855): Illuminate\Container\Container->resolve('config', Array, true)
#2 /home/upayx/getcashfast.ca/vendor/laravel/framework/src/Illuminate/Container/Container.php(692): Illuminate\Foundation\Application->resolve('config', Array)
#3 /home/upayx/getcashfast.ca/vendor/laravel/framework/src/Illuminate/Foundation/Application.php(840): Illuminate\Container\Container->make('config', Array)
#4 /home/upayx/getcashfast.ca/vendor/laravel/framework/src/Illuminate/Container/Container.php(1415): Illuminate\Foundation\Application->make('config')
#5 /home/upayx/getcashfast.ca/vendor/laravel/framework/src/Illuminate/Log/LogManager.php(469): Illuminate\Container\Container->offsetGet('config')
#6 /home/upayx/getcashfast.ca/vendor/laravel/framework/src/Illuminate/Log/LogManager.php(520): Illuminate\Log\LogManager->getDefaultDriver()
#7 /home/upayx/getcashfast.ca/vendor/laravel/framework/src/Illuminate/Log/LogManager.php(112): Illuminate\Log\LogManager->parseDriver(NULL)
#8 /home/upayx/getcashfast.ca/vendor/laravel/framework/src/Illuminate/Log/LogManager.php(656): Illuminate\Log\LogManager->driver()
#9 /home/upayx/getcashfast.ca/vendor/laravel/framework/src/Illuminate/Foundation/Exceptions/Handler.php(274): Illuminate\Log\LogManager->log('error', 'Call to undefin...', Array)
#10 /home/upayx/getcashfast.ca/vendor/laravel/framework/src/Illuminate/Foundation/Http/Kernel.php(415): Illuminate\Foundation\Exceptions\Handler->report(Object(Error))
#11 /home/upayx/getcashfast.ca/vendor/laravel/framework/src/Illuminate/Foundation/Http/Kernel.php(113): Illuminate\Foundation\Http\Kernel->reportException(Object(Error))
#12 /home/upayx/getcashfast.ca/public/index.php(55): Illuminate\Foundation\Http\Kernel->handle(Object(Illuminate\Http\Request))
#13 {main}
  thrown in /home/upayx/getcashfast.ca/vendor/laravel/framework/src/Illuminate/Container/Container.php on line 877
[02-Aug-2022 19:01:34 UTC] PHP Fatal error:  Uncaught ReflectionException: Class "config" does not exist in /home/upayx/getcashfast.ca/vendor/laravel/framework/src/Illuminate/Container/Container.php:875
Stack trace:
#0 /home/upayx/getcashfast.ca/vendor/laravel/framework/src/Illuminate/Container/Container.php(875): ReflectionClass->__construct('config')
#1 /home/upayx/getcashfast.ca/vendor/laravel/framework/src/Illuminate/Container/Container.php(756): Illuminate\Container\Container->build('config')
#2 /home/upayx/getcashfast.ca/vendor/laravel/framework/src/Illuminate/Foundation/Application.php(855): Illuminate\Container\Container->resolve('config', Array, true)
#3 /home/upayx/getcashfast.ca/vendor/laravel/framework/src/Illuminate/Container/Container.php(692): Illuminate\Foundation\Application->resolve('config', Array)
#4 /home/upayx/getcashfast.ca/vendor/laravel/framework/src/Illuminate/Foundation/Application.php(840): Illuminate\Container\Container->make('config', Array)
#5 /home/upayx/getcashfast.ca/vendor/laravel/framework/src/Illuminate/Container/Container.php(1415): Illuminate\Foundation\Application->make('config')
#6 /home/upayx/getcashfast.ca/vendor/laravel/framework/src/Illuminate/Log/LogManager.php(469): Illuminate\Container\Container->offsetGet('config')
#7 /home/upayx/getcashfast.ca/vendor/laravel/framework/src/Illuminate/Log/LogManager.php(520): Illuminate\Log\LogManager->getDefaultDriver()
#8 /home/upayx/getcashfast.ca/vendor/laravel/framework/src/Illuminate/Log/LogManager.php(112): Illuminate\Log\LogManager->parseDriver(NULL)
#9 /home/upayx/getcashfast.ca/vendor/laravel/framework/src/Illuminate/Log/LogManager.php(656): Illuminate\Log\LogManager->driver()
#10 /home/upayx/getcashfast.ca/vendor/laravel/framework/src/Illuminate/Foundation/Exceptions/Handler.php(274): Illuminate\Log\LogManager->log('error', 'Call to undefin...', Array)
#11 /home/upayx/getcashfast.ca/vendor/laravel/framework/src/Illuminate/Foundation/Http/Kernel.php(415): Illuminate\Foundation\Exceptions\Handler->report(Object(Error))
#12 /home/upayx/getcashfast.ca/vendor/laravel/framework/src/Illuminate/Foundation/Http/Kernel.php(113): Illuminate\Foundation\Http\Kernel->reportException(Object(Error))
#13 /home/upayx/getcashfast.ca/public/index.php(55): Illuminate\Foundation\Http\Kernel->handle(Object(Illuminate\Http\Request))
#14 {main}

Next Illuminate\Contracts\Container\BindingResolutionException: Target class [config] does not exist. in /home/upayx/getcashfast.ca/vendor/laravel/framework/src/Illuminate/Container/Container.php:877
Stack trace:
#0 /home/upayx/getcashfast.ca/vendor/laravel/framework/src/Illuminate/Container/Container.php(756): Illuminate\Container\Container->build('config')
#1 /home/upayx/getcashfast.ca/vendor/laravel/framework/src/Illuminate/Foundation/Application.php(855): Illuminate\Container\Container->resolve('config', Array, true)
#2 /home/upayx/getcashfast.ca/vendor/laravel/framework/src/Illuminate/Container/Container.php(692): Illuminate\Foundation\Application->resolve('config', Array)
#3 /home/upayx/getcashfast.ca/vendor/laravel/framework/src/Illuminate/Foundation/Application.php(840): Illuminate\Container\Container->make('config', Array)
#4 /home/upayx/getcashfast.ca/vendor/laravel/framework/src/Illuminate/Container/Container.php(1415): Illuminate\Foundation\Application->make('config')
#5 /home/upayx/getcashfast.ca/vendor/laravel/framework/src/Illuminate/Log/LogManager.php(469): Illuminate\Container\Container->offsetGet('config')
#6 /home/upayx/getcashfast.ca/vendor/laravel/framework/src/Illuminate/Log/LogManager.php(520): Illuminate\Log\LogManager->getDefaultDriver()
#7 /home/upayx/getcashfast.ca/vendor/laravel/framework/src/Illuminate/Log/LogManager.php(112): Illuminate\Log\LogManager->parseDriver(NULL)
#8 /home/upayx/getcashfast.ca/vendor/laravel/framework/src/Illuminate/Log/LogManager.php(656): Illuminate\Log\LogManager->driver()
#9 /home/upayx/getcashfast.ca/vendor/laravel/framework/src/Illuminate/Foundation/Exceptions/Handler.php(274): Illuminate\Log\LogManager->log('error', 'Call to undefin...', Array)
#10 /home/upayx/getcashfast.ca/vendor/laravel/framework/src/Illuminate/Foundation/Http/Kernel.php(415): Illuminate\Foundation\Exceptions\Handler->report(Object(Error))
#11 /home/upayx/getcashfast.ca/vendor/laravel/framework/src/Illuminate/Foundation/Http/Kernel.php(113): Illuminate\Foundation\Http\Kernel->reportException(Object(Error))
#12 /home/upayx/getcashfast.ca/public/index.php(55): Illuminate\Foundation\Http\Kernel->handle(Object(Illuminate\Http\Request))
#13 {main}
  thrown in /home/upayx/getcashfast.ca/vendor/laravel/framework/src/Illuminate/Container/Container.php on line 877
[02-Aug-2022 19:02:38 UTC] PHP Fatal error:  Uncaught ReflectionException: Class "config" does not exist in /home/upayx/getcashfast.ca/vendor/laravel/framework/src/Illuminate/Container/Container.php:875
Stack trace:
#0 /home/upayx/getcashfast.ca/vendor/laravel/framework/src/Illuminate/Container/Container.php(875): ReflectionClass->__construct('config')
#1 /home/upayx/getcashfast.ca/vendor/laravel/framework/src/Illuminate/Container/Container.php(756): Illuminate\Container\Container->build('config')
#2 /home/upayx/getcashfast.ca/vendor/laravel/framework/src/Illuminate/Foundation/Application.php(855): Illuminate\Container\Container->resolve('config', Array, true)
#3 /home/upayx/getcashfast.ca/vendor/laravel/framework/src/Illuminate/Container/Container.php(692): Illuminate\Foundation\Application->resolve('config', Array)
#4 /home/upayx/getcashfast.ca/vendor/laravel/framework/src/Illuminate/Foundation/Application.php(840): Illuminate\Container\Container->make('config', Array)
#5 /home/upayx/getcashfast.ca/vendor/laravel/framework/src/Illuminate/Container/Container.php(1415): Illuminate\Foundation\Application->make('config')
#6 /home/upayx/getcashfast.ca/vendor/laravel/framework/src/Illuminate/Log/LogManager.php(469): Illuminate\Container\Container->offsetGet('config')
#7 /home/upayx/getcashfast.ca/vendor/laravel/framework/src/Illuminate/Log/LogManager.php(520): Illuminate\Log\LogManager->getDefaultDriver()
#8 /home/upayx/getcashfast.ca/vendor/laravel/framework/src/Illuminate/Log/LogManager.php(112): Illuminate\Log\LogManager->parseDriver(NULL)
#9 /home/upayx/getcashfast.ca/vendor/laravel/framework/src/Illuminate/Log/LogManager.php(656): Illuminate\Log\LogManager->driver()
#10 /home/upayx/getcashfast.ca/vendor/laravel/framework/src/Illuminate/Foundation/Exceptions/Handler.php(274): Illuminate\Log\LogManager->log('error', 'Call to undefin...', Array)
#11 /home/upayx/getcashfast.ca/vendor/laravel/framework/src/Illuminate/Foundation/Http/Kernel.php(415): Illuminate\Foundation\Exceptions\Handler->report(Object(Error))
#12 /home/upayx/getcashfast.ca/vendor/laravel/framework/src/Illuminate/Foundation/Http/Kernel.php(113): Illuminate\Foundation\Http\Kernel->reportException(Object(Error))
#13 /home/upayx/getcashfast.ca/public/index.php(55): Illuminate\Foundation\Http\Kernel->handle(Object(Illuminate\Http\Request))
#14 {main}

Next Illuminate\Contracts\Container\BindingResolutionException: Target class [config] does not exist. in /home/upayx/getcashfast.ca/vendor/laravel/framework/src/Illuminate/Container/Container.php:877
Stack trace:
#0 /home/upayx/getcashfast.ca/vendor/laravel/framework/src/Illuminate/Container/Container.php(756): Illuminate\Container\Container->build('config')
#1 /home/upayx/getcashfast.ca/vendor/laravel/framework/src/Illuminate/Foundation/Application.php(855): Illuminate\Container\Container->resolve('config', Array, true)
#2 /home/upayx/getcashfast.ca/vendor/laravel/framework/src/Illuminate/Container/Container.php(692): Illuminate\Foundation\Application->resolve('config', Array)
#3 /home/upayx/getcashfast.ca/vendor/laravel/framework/src/Illuminate/Foundation/Application.php(840): Illuminate\Container\Container->make('config', Array)
#4 /home/upayx/getcashfast.ca/vendor/laravel/framework/src/Illuminate/Container/Container.php(1415): Illuminate\Foundation\Application->make('config')
#5 /home/upayx/getcashfast.ca/vendor/laravel/framework/src/Illuminate/Log/LogManager.php(469): Illuminate\Container\Container->offsetGet('config')
#6 /home/upayx/getcashfast.ca/vendor/laravel/framework/src/Illuminate/Log/LogManager.php(520): Illuminate\Log\LogManager->getDefaultDriver()
#7 /home/upayx/getcashfast.ca/vendor/laravel/framework/src/Illuminate/Log/LogManager.php(112): Illuminate\Log\LogManager->parseDriver(NULL)
#8 /home/upayx/getcashfast.ca/vendor/laravel/framework/src/Illuminate/Log/LogManager.php(656): Illuminate\Log\LogManager->driver()
#9 /home/upayx/getcashfast.ca/vendor/laravel/framework/src/Illuminate/Foundation/Exceptions/Handler.php(274): Illuminate\Log\LogManager->log('error', 'Call to undefin...', Array)
#10 /home/upayx/getcashfast.ca/vendor/laravel/framework/src/Illuminate/Foundation/Http/Kernel.php(415): Illuminate\Foundation\Exceptions\Handler->report(Object(Error))
#11 /home/upayx/getcashfast.ca/vendor/laravel/framework/src/Illuminate/Foundation/Http/Kernel.php(113): Illuminate\Foundation\Http\Kernel->reportException(Object(Error))
#12 /home/upayx/getcashfast.ca/public/index.php(55): Illuminate\Foundation\Http\Kernel->handle(Object(Illuminate\Http\Request))
#13 {main}
  thrown in /home/upayx/getcashfast.ca/vendor/laravel/framework/src/Illuminate/Container/Container.php on line 877
[02-Aug-2022 19:22:46 UTC] PHP Fatal error:  Uncaught ReflectionException: Class "config" does not exist in /home/upayx/getcashfast.ca/vendor/laravel/framework/src/Illuminate/Container/Container.php:875
Stack trace:
#0 /home/upayx/getcashfast.ca/vendor/laravel/framework/src/Illuminate/Container/Container.php(875): ReflectionClass->__construct('config')
#1 /home/upayx/getcashfast.ca/vendor/laravel/framework/src/Illuminate/Container/Container.php(756): Illuminate\Container\Container->build('config')
#2 /home/upayx/getcashfast.ca/vendor/laravel/framework/src/Illuminate/Foundation/Application.php(855): Illuminate\Container\Container->resolve('config', Array, true)
#3 /home/upayx/getcashfast.ca/vendor/laravel/framework/src/Illuminate/Container/Container.php(692): Illuminate\Foundation\Application->resolve('config', Array)
#4 /home/upayx/getcashfast.ca/vendor/laravel/framework/src/Illuminate/Foundation/Application.php(840): Illuminate\Container\Container->make('config', Array)
#5 /home/upayx/getcashfast.ca/vendor/laravel/framework/src/Illuminate/Container/Container.php(1415): Illuminate\Foundation\Application->make('config')
#6 /home/upayx/getcashfast.ca/vendor/laravel/framework/src/Illuminate/Log/LogManager.php(469): Illuminate\Container\Container->offsetGet('config')
#7 /home/upayx/getcashfast.ca/vendor/laravel/framework/src/Illuminate/Log/LogManager.php(520): Illuminate\Log\LogManager->getDefaultDriver()
#8 /home/upayx/getcashfast.ca/vendor/laravel/framework/src/Illuminate/Log/LogManager.php(112): Illuminate\Log\LogManager->parseDriver(NULL)
#9 /home/upayx/getcashfast.ca/vendor/laravel/framework/src/Illuminate/Log/LogManager.php(656): Illuminate\Log\LogManager->driver()
#10 /home/upayx/getcashfast.ca/vendor/laravel/framework/src/Illuminate/Foundation/Exceptions/Handler.php(274): Illuminate\Log\LogManager->log('error', 'Call to undefin...', Array)
#11 /home/upayx/getcashfast.ca/vendor/laravel/framework/src/Illuminate/Foundation/Http/Kernel.php(415): Illuminate\Foundation\Exceptions\Handler->report(Object(Error))
#12 /home/upayx/getcashfast.ca/vendor/laravel/framework/src/Illuminate/Foundation/Http/Kernel.php(113): Illuminate\Foundation\Http\Kernel->reportException(Object(Error))
#13 /home/upayx/getcashfast.ca/public/index.php(55): Illuminate\Foundation\Http\Kernel->handle(Object(Illuminate\Http\Request))
#14 {main}

Next Illuminate\Contracts\Container\BindingResolutionException: Target class [config] does not exist. in /home/upayx/getcashfast.ca/vendor/laravel/framework/src/Illuminate/Container/Container.php:877
Stack trace:
#0 /home/upayx/getcashfast.ca/vendor/laravel/framework/src/Illuminate/Container/Container.php(756): Illuminate\Container\Container->build('config')
#1 /home/upayx/getcashfast.ca/vendor/laravel/framework/src/Illuminate/Foundation/Application.php(855): Illuminate\Container\Container->resolve('config', Array, true)
#2 /home/upayx/getcashfast.ca/vendor/laravel/framework/src/Illuminate/Container/Container.php(692): Illuminate\Foundation\Application->resolve('config', Array)
#3 /home/upayx/getcashfast.ca/vendor/laravel/framework/src/Illuminate/Foundation/Application.php(840): Illuminate\Container\Container->make('config', Array)
#4 /home/upayx/getcashfast.ca/vendor/laravel/framework/src/Illuminate/Container/Container.php(1415): Illuminate\Foundation\Application->make('config')
#5 /home/upayx/getcashfast.ca/vendor/laravel/framework/src/Illuminate/Log/LogManager.php(469): Illuminate\Container\Container->offsetGet('config')
#6 /home/upayx/getcashfast.ca/vendor/laravel/framework/src/Illuminate/Log/LogManager.php(520): Illuminate\Log\LogManager->getDefaultDriver()
#7 /home/upayx/getcashfast.ca/vendor/laravel/framework/src/Illuminate/Log/LogManager.php(112): Illuminate\Log\LogManager->parseDriver(NULL)
#8 /home/upayx/getcashfast.ca/vendor/laravel/framework/src/Illuminate/Log/LogManager.php(656): Illuminate\Log\LogManager->driver()
#9 /home/upayx/getcashfast.ca/vendor/laravel/framework/src/Illuminate/Foundation/Exceptions/Handler.php(274): Illuminate\Log\LogManager->log('error', 'Call to undefin...', Array)
#10 /home/upayx/getcashfast.ca/vendor/laravel/framework/src/Illuminate/Foundation/Http/Kernel.php(415): Illuminate\Foundation\Exceptions\Handler->report(Object(Error))
#11 /home/upayx/getcashfast.ca/vendor/laravel/framework/src/Illuminate/Foundation/Http/Kernel.php(113): Illuminate\Foundation\Http\Kernel->reportException(Object(Error))
#12 /home/upayx/getcashfast.ca/public/index.php(55): Illuminate\Foundation\Http\Kernel->handle(Object(Illuminate\Http\Request))
#13 {main}
  thrown in /home/upayx/getcashfast.ca/vendor/laravel/framework/src/Illuminate/Container/Container.php on line 877
[02-Aug-2022 19:46:27 UTC] PHP Fatal error:  Uncaught ReflectionException: Class "config" does not exist in /home/upayx/getcashfast.ca/vendor/laravel/framework/src/Illuminate/Container/Container.php:875
Stack trace:
#0 /home/upayx/getcashfast.ca/vendor/laravel/framework/src/Illuminate/Container/Container.php(875): ReflectionClass->__construct('config')
#1 /home/upayx/getcashfast.ca/vendor/laravel/framework/src/Illuminate/Container/Container.php(756): Illuminate\Container\Container->build('config')
#2 /home/upayx/getcashfast.ca/vendor/laravel/framework/src/Illuminate/Foundation/Application.php(855): Illuminate\Container\Container->resolve('config', Array, true)
#3 /home/upayx/getcashfast.ca/vendor/laravel/framework/src/Illuminate/Container/Container.php(692): Illuminate\Foundation\Application->resolve('config', Array)
#4 /home/upayx/getcashfast.ca/vendor/laravel/framework/src/Illuminate/Foundation/Application.php(840): Illuminate\Container\Container->make('config', Array)
#5 /home/upayx/getcashfast.ca/vendor/laravel/framework/src/Illuminate/Container/Container.php(1415): Illuminate\Foundation\Application->make('config')
#6 /home/upayx/getcashfast.ca/vendor/laravel/framework/src/Illuminate/Log/LogManager.php(469): Illuminate\Container\Container->offsetGet('config')
#7 /home/upayx/getcashfast.ca/vendor/laravel/framework/src/Illuminate/Log/LogManager.php(520): Illuminate\Log\LogManager->getDefaultDriver()
#8 /home/upayx/getcashfast.ca/vendor/laravel/framework/src/Illuminate/Log/LogManager.php(112): Illuminate\Log\LogManager->parseDriver(NULL)
#9 /home/upayx/getcashfast.ca/vendor/laravel/framework/src/Illuminate/Log/LogManager.php(656): Illuminate\Log\LogManager->driver()
#10 /home/upayx/getcashfast.ca/vendor/laravel/framework/src/Illuminate/Foundation/Exceptions/Handler.php(274): Illuminate\Log\LogManager->log('error', 'Call to undefin...', Array)
#11 /home/upayx/getcashfast.ca/vendor/laravel/framework/src/Illuminate/Foundation/Http/Kernel.php(415): Illuminate\Foundation\Exceptions\Handler->report(Object(Error))
#12 /home/upayx/getcashfast.ca/vendor/laravel/framework/src/Illuminate/Foundation/Http/Kernel.php(113): Illuminate\Foundation\Http\Kernel->reportException(Object(Error))
#13 /home/upayx/getcashfast.ca/public/index.php(55): Illuminate\Foundation\Http\Kernel->handle(Object(Illuminate\Http\Request))
#14 {main}

Next Illuminate\Contracts\Container\BindingResolutionException: Target class [config] does not exist. in /home/upayx/getcashfast.ca/vendor/laravel/framework/src/Illuminate/Container/Container.php:877
Stack trace:
#0 /home/upayx/getcashfast.ca/vendor/laravel/framework/src/Illuminate/Container/Container.php(756): Illuminate\Container\Container->build('config')
#1 /home/upayx/getcashfast.ca/vendor/laravel/framework/src/Illuminate/Foundation/Application.php(855): Illuminate\Container\Container->resolve('config', Array, true)
#2 /home/upayx/getcashfast.ca/vendor/laravel/framework/src/Illuminate/Container/Container.php(692): Illuminate\Foundation\Application->resolve('config', Array)
#3 /home/upayx/getcashfast.ca/vendor/laravel/framework/src/Illuminate/Foundation/Application.php(840): Illuminate\Container\Container->make('config', Array)
#4 /home/upayx/getcashfast.ca/vendor/laravel/framework/src/Illuminate/Container/Container.php(1415): Illuminate\Foundation\Application->make('config')
#5 /home/upayx/getcashfast.ca/vendor/laravel/framework/src/Illuminate/Log/LogManager.php(469): Illuminate\Container\Container->offsetGet('config')
#6 /home/upayx/getcashfast.ca/vendor/laravel/framework/src/Illuminate/Log/LogManager.php(520): Illuminate\Log\LogManager->getDefaultDriver()
#7 /home/upayx/getcashfast.ca/vendor/laravel/framework/src/Illuminate/Log/LogManager.php(112): Illuminate\Log\LogManager->parseDriver(NULL)
#8 /home/upayx/getcashfast.ca/vendor/laravel/framework/src/Illuminate/Log/LogManager.php(656): Illuminate\Log\LogManager->driver()
#9 /home/upayx/getcashfast.ca/vendor/laravel/framework/src/Illuminate/Foundation/Exceptions/Handler.php(274): Illuminate\Log\LogManager->log('error', 'Call to undefin...', Array)
#10 /home/upayx/getcashfast.ca/vendor/laravel/framework/src/Illuminate/Foundation/Http/Kernel.php(415): Illuminate\Foundation\Exceptions\Handler->report(Object(Error))
#11 /home/upayx/getcashfast.ca/vendor/laravel/framework/src/Illuminate/Foundation/Http/Kernel.php(113): Illuminate\Foundation\Http\Kernel->reportException(Object(Error))
#12 /home/upayx/getcashfast.ca/public/index.php(55): Illuminate\Foundation\Http\Kernel->handle(Object(Illuminate\Http\Request))
#13 {main}
  thrown in /home/upayx/getcashfast.ca/vendor/laravel/framework/src/Illuminate/Container/Container.php on line 877
[02-Aug-2022 19:46:37 UTC] PHP Fatal error:  Uncaught ReflectionException: Class "config" does not exist in /home/upayx/getcashfast.ca/vendor/laravel/framework/src/Illuminate/Container/Container.php:875
Stack trace:
#0 /home/upayx/getcashfast.ca/vendor/laravel/framework/src/Illuminate/Container/Container.php(875): ReflectionClass->__construct('config')
#1 /home/upayx/getcashfast.ca/vendor/laravel/framework/src/Illuminate/Container/Container.php(756): Illuminate\Container\Container->build('config')
#2 /home/upayx/getcashfast.ca/vendor/laravel/framework/src/Illuminate/Foundation/Application.php(855): Illuminate\Container\Container->resolve('config', Array, true)
#3 /home/upayx/getcashfast.ca/vendor/laravel/framework/src/Illuminate/Container/Container.php(692): Illuminate\Foundation\Application->resolve('config', Array)
#4 /home/upayx/getcashfast.ca/vendor/laravel/framework/src/Illuminate/Foundation/Application.php(840): Illuminate\Container\Container->make('config', Array)
#5 /home/upayx/getcashfast.ca/vendor/laravel/framework/src/Illuminate/Container/Container.php(1415): Illuminate\Foundation\Application->make('config')
#6 /home/upayx/getcashfast.ca/vendor/laravel/framework/src/Illuminate/Log/LogManager.php(469): Illuminate\Container\Container->offsetGet('config')
#7 /home/upayx/getcashfast.ca/vendor/laravel/framework/src/Illuminate/Log/LogManager.php(520): Illuminate\Log\LogManager->getDefaultDriver()
#8 /home/upayx/getcashfast.ca/vendor/laravel/framework/src/Illuminate/Log/LogManager.php(112): Illuminate\Log\LogManager->parseDriver(NULL)
#9 /home/upayx/getcashfast.ca/vendor/laravel/framework/src/Illuminate/Log/LogManager.php(656): Illuminate\Log\LogManager->driver()
#10 /home/upayx/getcashfast.ca/vendor/laravel/framework/src/Illuminate/Foundation/Exceptions/Handler.php(274): Illuminate\Log\LogManager->log('error', 'Call to undefin...', Array)
#11 /home/upayx/getcashfast.ca/vendor/laravel/framework/src/Illuminate/Foundation/Http/Kernel.php(415): Illuminate\Foundation\Exceptions\Handler->report(Object(Error))
#12 /home/upayx/getcashfast.ca/vendor/laravel/framework/src/Illuminate/Foundation/Http/Kernel.php(113): Illuminate\Foundation\Http\Kernel->reportException(Object(Error))
#13 /home/upayx/getcashfast.ca/public/index.php(55): Illuminate\Foundation\Http\Kernel->handle(Object(Illuminate\Http\Request))
#14 {main}

Next Illuminate\Contracts\Container\BindingResolutionException: Target class [config] does not exist. in /home/upayx/getcashfast.ca/vendor/laravel/framework/src/Illuminate/Container/Container.php:877
Stack trace:
#0 /home/upayx/getcashfast.ca/vendor/laravel/framework/src/Illuminate/Container/Container.php(756): Illuminate\Container\Container->build('config')
#1 /home/upayx/getcashfast.ca/vendor/laravel/framework/src/Illuminate/Foundation/Application.php(855): Illuminate\Container\Container->resolve('config', Array, true)
#2 /home/upayx/getcashfast.ca/vendor/laravel/framework/src/Illuminate/Container/Container.php(692): Illuminate\Foundation\Application->resolve('config', Array)
#3 /home/upayx/getcashfast.ca/vendor/laravel/framework/src/Illuminate/Foundation/Application.php(840): Illuminate\Container\Container->make('config', Array)
#4 /home/upayx/getcashfast.ca/vendor/laravel/framework/src/Illuminate/Container/Container.php(1415): Illuminate\Foundation\Application->make('config')
#5 /home/upayx/getcashfast.ca/vendor/laravel/framework/src/Illuminate/Log/LogManager.php(469): Illuminate\Container\Container->offsetGet('config')
#6 /home/upayx/getcashfast.ca/vendor/laravel/framework/src/Illuminate/Log/LogManager.php(520): Illuminate\Log\LogManager->getDefaultDriver()
#7 /home/upayx/getcashfast.ca/vendor/laravel/framework/src/Illuminate/Log/LogManager.php(112): Illuminate\Log\LogManager->parseDriver(NULL)
#8 /home/upayx/getcashfast.ca/vendor/laravel/framework/src/Illuminate/Log/LogManager.php(656): Illuminate\Log\LogManager->driver()
#9 /home/upayx/getcashfast.ca/vendor/laravel/framework/src/Illuminate/Foundation/Exceptions/Handler.php(274): Illuminate\Log\LogManager->log('error', 'Call to undefin...', Array)
#10 /home/upayx/getcashfast.ca/vendor/laravel/framework/src/Illuminate/Foundation/Http/Kernel.php(415): Illuminate\Foundation\Exceptions\Handler->report(Object(Error))
#11 /home/upayx/getcashfast.ca/vendor/laravel/framework/src/Illuminate/Foundation/Http/Kernel.php(113): Illuminate\Foundation\Http\Kernel->reportException(Object(Error))
#12 /home/upayx/getcashfast.ca/public/index.php(55): Illuminate\Foundation\Http\Kernel->handle(Object(Illuminate\Http\Request))
#13 {main}
  thrown in /home/upayx/getcashfast.ca/vendor/laravel/framework/src/Illuminate/Container/Container.php on line 877
[02-Aug-2022 19:51:20 UTC] PHP Fatal error:  Uncaught ReflectionException: Class "config" does not exist in /home/upayx/getcashfast.ca/vendor/laravel/framework/src/Illuminate/Container/Container.php:875
Stack trace:
#0 /home/upayx/getcashfast.ca/vendor/laravel/framework/src/Illuminate/Container/Container.php(875): ReflectionClass->__construct('config')
#1 /home/upayx/getcashfast.ca/vendor/laravel/framework/src/Illuminate/Container/Container.php(756): Illuminate\Container\Container->build('config')
#2 /home/upayx/getcashfast.ca/vendor/laravel/framework/src/Illuminate/Foundation/Application.php(855): Illuminate\Container\Container->resolve('config', Array, true)
#3 /home/upayx/getcashfast.ca/vendor/laravel/framework/src/Illuminate/Container/Container.php(692): Illuminate\Foundation\Application->resolve('config', Array)
#4 /home/upayx/getcashfast.ca/vendor/laravel/framework/src/Illuminate/Foundation/Application.php(840): Illuminate\Container\Container->make('config', Array)
#5 /home/upayx/getcashfast.ca/vendor/laravel/framework/src/Illuminate/Container/Container.php(1415): Illuminate\Foundation\Application->make('config')
#6 /home/upayx/getcashfast.ca/vendor/laravel/framework/src/Illuminate/Log/LogManager.php(469): Illuminate\Container\Container->offsetGet('config')
#7 /home/upayx/getcashfast.ca/vendor/laravel/framework/src/Illuminate/Log/LogManager.php(520): Illuminate\Log\LogManager->getDefaultDriver()
#8 /home/upayx/getcashfast.ca/vendor/laravel/framework/src/Illuminate/Log/LogManager.php(112): Illuminate\Log\LogManager->parseDriver(NULL)
#9 /home/upayx/getcashfast.ca/vendor/laravel/framework/src/Illuminate/Log/LogManager.php(656): Illuminate\Log\LogManager->driver()
#10 /home/upayx/getcashfast.ca/vendor/laravel/framework/src/Illuminate/Foundation/Exceptions/Handler.php(274): Illuminate\Log\LogManager->log('error', 'Call to undefin...', Array)
#11 /home/upayx/getcashfast.ca/vendor/laravel/framework/src/Illuminate/Foundation/Http/Kernel.php(415): Illuminate\Foundation\Exceptions\Handler->report(Object(Error))
#12 /home/upayx/getcashfast.ca/vendor/laravel/framework/src/Illuminate/Foundation/Http/Kernel.php(113): Illuminate\Foundation\Http\Kernel->reportException(Object(Error))
#13 /home/upayx/getcashfast.ca/public/index.php(55): Illuminate\Foundation\Http\Kernel->handle(Object(Illuminate\Http\Request))
#14 {main}

Next Illuminate\Contracts\Container\BindingResolutionException: Target class [config] does not exist. in /home/upayx/getcashfast.ca/vendor/laravel/framework/src/Illuminate/Container/Container.php:877
Stack trace:
#0 /home/upayx/getcashfast.ca/vendor/laravel/framework/src/Illuminate/Container/Container.php(756): Illuminate\Container\Container->build('config')
#1 /home/upayx/getcashfast.ca/vendor/laravel/framework/src/Illuminate/Foundation/Application.php(855): Illuminate\Container\Container->resolve('config', Array, true)
#2 /home/upayx/getcashfast.ca/vendor/laravel/framework/src/Illuminate/Container/Container.php(692): Illuminate\Foundation\Application->resolve('config', Array)
#3 /home/upayx/getcashfast.ca/vendor/laravel/framework/src/Illuminate/Foundation/Application.php(840): Illuminate\Container\Container->make('config', Array)
#4 /home/upayx/getcashfast.ca/vendor/laravel/framework/src/Illuminate/Container/Container.php(1415): Illuminate\Foundation\Application->make('config')
#5 /home/upayx/getcashfast.ca/vendor/laravel/framework/src/Illuminate/Log/LogManager.php(469): Illuminate\Container\Container->offsetGet('config')
#6 /home/upayx/getcashfast.ca/vendor/laravel/framework/src/Illuminate/Log/LogManager.php(520): Illuminate\Log\LogManager->getDefaultDriver()
#7 /home/upayx/getcashfast.ca/vendor/laravel/framework/src/Illuminate/Log/LogManager.php(112): Illuminate\Log\LogManager->parseDriver(NULL)
#8 /home/upayx/getcashfast.ca/vendor/laravel/framework/src/Illuminate/Log/LogManager.php(656): Illuminate\Log\LogManager->driver()
#9 /home/upayx/getcashfast.ca/vendor/laravel/framework/src/Illuminate/Foundation/Exceptions/Handler.php(274): Illuminate\Log\LogManager->log('error', 'Call to undefin...', Array)
#10 /home/upayx/getcashfast.ca/vendor/laravel/framework/src/Illuminate/Foundation/Http/Kernel.php(415): Illuminate\Foundation\Exceptions\Handler->report(Object(Error))
#11 /home/upayx/getcashfast.ca/vendor/laravel/framework/src/Illuminate/Foundation/Http/Kernel.php(113): Illuminate\Foundation\Http\Kernel->reportException(Object(Error))
#12 /home/upayx/getcashfast.ca/public/index.php(55): Illuminate\Foundation\Http\Kernel->handle(Object(Illuminate\Http\Request))
#13 {main}
  thrown in /home/upayx/getcashfast.ca/vendor/laravel/framework/src/Illuminate/Container/Container.php on line 877
[02-Aug-2022 19:51:20 UTC] PHP Fatal error:  Uncaught ReflectionException: Class "config" does not exist in /home/upayx/getcashfast.ca/vendor/laravel/framework/src/Illuminate/Container/Container.php:875
Stack trace:
#0 /home/upayx/getcashfast.ca/vendor/laravel/framework/src/Illuminate/Container/Container.php(875): ReflectionClass->__construct('config')
#1 /home/upayx/getcashfast.ca/vendor/laravel/framework/src/Illuminate/Container/Container.php(756): Illuminate\Container\Container->build('config')
#2 /home/upayx/getcashfast.ca/vendor/laravel/framework/src/Illuminate/Foundation/Application.php(855): Illuminate\Container\Container->resolve('config', Array, true)
#3 /home/upayx/getcashfast.ca/vendor/laravel/framework/src/Illuminate/Container/Container.php(692): Illuminate\Foundation\Application->resolve('config', Array)
#4 /home/upayx/getcashfast.ca/vendor/laravel/framework/src/Illuminate/Foundation/Application.php(840): Illuminate\Container\Container->make('config', Array)
#5 /home/upayx/getcashfast.ca/vendor/laravel/framework/src/Illuminate/Container/Container.php(1415): Illuminate\Foundation\Application->make('config')
#6 /home/upayx/getcashfast.ca/vendor/laravel/framework/src/Illuminate/Log/LogManager.php(469): Illuminate\Container\Container->offsetGet('config')
#7 /home/upayx/getcashfast.ca/vendor/laravel/framework/src/Illuminate/Log/LogManager.php(520): Illuminate\Log\LogManager->getDefaultDriver()
#8 /home/upayx/getcashfast.ca/vendor/laravel/framework/src/Illuminate/Log/LogManager.php(112): Illuminate\Log\LogManager->parseDriver(NULL)
#9 /home/upayx/getcashfast.ca/vendor/laravel/framework/src/Illuminate/Log/LogManager.php(656): Illuminate\Log\LogManager->driver()
#10 /home/upayx/getcashfast.ca/vendor/laravel/framework/src/Illuminate/Foundation/Exceptions/Handler.php(274): Illuminate\Log\LogManager->log('error', 'Call to undefin...', Array)
#11 /home/upayx/getcashfast.ca/vendor/laravel/framework/src/Illuminate/Foundation/Http/Kernel.php(415): Illuminate\Foundation\Exceptions\Handler->report(Object(Error))
#12 /home/upayx/getcashfast.ca/vendor/laravel/framework/src/Illuminate/Foundation/Http/Kernel.php(113): Illuminate\Foundation\Http\Kernel->reportException(Object(Error))
#13 /home/upayx/getcashfast.ca/public/index.php(55): Illuminate\Foundation\Http\Kernel->handle(Object(Illuminate\Http\Request))
#14 {main}

Next Illuminate\Contracts\Container\BindingResolutionException: Target class [config] does not exist. in /home/upayx/getcashfast.ca/vendor/laravel/framework/src/Illuminate/Container/Container.php:877
Stack trace:
#0 /home/upayx/getcashfast.ca/vendor/laravel/framework/src/Illuminate/Container/Container.php(756): Illuminate\Container\Container->build('config')
#1 /home/upayx/getcashfast.ca/vendor/laravel/framework/src/Illuminate/Foundation/Application.php(855): Illuminate\Container\Container->resolve('config', Array, true)
#2 /home/upayx/getcashfast.ca/vendor/laravel/framework/src/Illuminate/Container/Container.php(692): Illuminate\Foundation\Application->resolve('config', Array)
#3 /home/upayx/getcashfast.ca/vendor/laravel/framework/src/Illuminate/Foundation/Application.php(840): Illuminate\Container\Container->make('config', Array)
#4 /home/upayx/getcashfast.ca/vendor/laravel/framework/src/Illuminate/Container/Container.php(1415): Illuminate\Foundation\Application->make('config')
#5 /home/upayx/getcashfast.ca/vendor/laravel/framework/src/Illuminate/Log/LogManager.php(469): Illuminate\Container\Container->offsetGet('config')
#6 /home/upayx/getcashfast.ca/vendor/laravel/framework/src/Illuminate/Log/LogManager.php(520): Illuminate\Log\LogManager->getDefaultDriver()
#7 /home/upayx/getcashfast.ca/vendor/laravel/framework/src/Illuminate/Log/LogManager.php(112): Illuminate\Log\LogManager->parseDriver(NULL)
#8 /home/upayx/getcashfast.ca/vendor/laravel/framework/src/Illuminate/Log/LogManager.php(656): Illuminate\Log\LogManager->driver()
#9 /home/upayx/getcashfast.ca/vendor/laravel/framework/src/Illuminate/Foundation/Exceptions/Handler.php(274): Illuminate\Log\LogManager->log('error', 'Call to undefin...', Array)
#10 /home/upayx/getcashfast.ca/vendor/laravel/framework/src/Illuminate/Foundation/Http/Kernel.php(415): Illuminate\Foundation\Exceptions\Handler->report(Object(Error))
#11 /home/upayx/getcashfast.ca/vendor/laravel/framework/src/Illuminate/Foundation/Http/Kernel.php(113): Illuminate\Foundation\Http\Kernel->reportException(Object(Error))
#12 /home/upayx/getcashfast.ca/public/index.php(55): Illuminate\Foundation\Http\Kernel->handle(Object(Illuminate\Http\Request))
#13 {main}
  thrown in /home/upayx/getcashfast.ca/vendor/laravel/framework/src/Illuminate/Container/Container.php on line 877
[02-Aug-2022 19:57:58 UTC] PHP Fatal error:  Uncaught ReflectionException: Class "config" does not exist in /home/upayx/getcashfast.ca/vendor/laravel/framework/src/Illuminate/Container/Container.php:875
Stack trace:
#0 /home/upayx/getcashfast.ca/vendor/laravel/framework/src/Illuminate/Container/Container.php(875): ReflectionClass->__construct('config')
#1 /home/upayx/getcashfast.ca/vendor/laravel/framework/src/Illuminate/Container/Container.php(756): Illuminate\Container\Container->build('config')
#2 /home/upayx/getcashfast.ca/vendor/laravel/framework/src/Illuminate/Foundation/Application.php(855): Illuminate\Container\Container->resolve('config', Array, true)
#3 /home/upayx/getcashfast.ca/vendor/laravel/framework/src/Illuminate/Container/Container.php(692): Illuminate\Foundation\Application->resolve('config', Array)
#4 /home/upayx/getcashfast.ca/vendor/laravel/framework/src/Illuminate/Foundation/Application.php(840): Illuminate\Container\Container->make('config', Array)
#5 /home/upayx/getcashfast.ca/vendor/laravel/framework/src/Illuminate/Container/Container.php(1415): Illuminate\Foundation\Application->make('config')
#6 /home/upayx/getcashfast.ca/vendor/laravel/framework/src/Illuminate/Log/LogManager.php(469): Illuminate\Container\Container->offsetGet('config')
#7 /home/upayx/getcashfast.ca/vendor/laravel/framework/src/Illuminate/Log/LogManager.php(520): Illuminate\Log\LogManager->getDefaultDriver()
#8 /home/upayx/getcashfast.ca/vendor/laravel/framework/src/Illuminate/Log/LogManager.php(112): Illuminate\Log\LogManager->parseDriver(NULL)
#9 /home/upayx/getcashfast.ca/vendor/laravel/framework/src/Illuminate/Log/LogManager.php(656): Illuminate\Log\LogManager->driver()
#10 /home/upayx/getcashfast.ca/vendor/laravel/framework/src/Illuminate/Foundation/Exceptions/Handler.php(274): Illuminate\Log\LogManager->log('error', 'Call to undefin...', Array)
#11 /home/upayx/getcashfast.ca/vendor/laravel/framework/src/Illuminate/Foundation/Http/Kernel.php(415): Illuminate\Foundation\Exceptions\Handler->report(Object(Error))
#12 /home/upayx/getcashfast.ca/vendor/laravel/framework/src/Illuminate/Foundation/Http/Kernel.php(113): Illuminate\Foundation\Http\Kernel->reportException(Object(Error))
#13 /home/upayx/getcashfast.ca/public/index.php(55): Illuminate\Foundation\Http\Kernel->handle(Object(Illuminate\Http\Request))
#14 {main}

Next Illuminate\Contracts\Container\BindingResolutionException: Target class [config] does not exist. in /home/upayx/getcashfast.ca/vendor/laravel/framework/src/Illuminate/Container/Container.php:877
Stack trace:
#0 /home/upayx/getcashfast.ca/vendor/laravel/framework/src/Illuminate/Container/Container.php(756): Illuminate\Container\Container->build('config')
#1 /home/upayx/getcashfast.ca/vendor/laravel/framework/src/Illuminate/Foundation/Application.php(855): Illuminate\Container\Container->resolve('config', Array, true)
#2 /home/upayx/getcashfast.ca/vendor/laravel/framework/src/Illuminate/Container/Container.php(692): Illuminate\Foundation\Application->resolve('config', Array)
#3 /home/upayx/getcashfast.ca/vendor/laravel/framework/src/Illuminate/Foundation/Application.php(840): Illuminate\Container\Container->make('config', Array)
#4 /home/upayx/getcashfast.ca/vendor/laravel/framework/src/Illuminate/Container/Container.php(1415): Illuminate\Foundation\Application->make('config')
#5 /home/upayx/getcashfast.ca/vendor/laravel/framework/src/Illuminate/Log/LogManager.php(469): Illuminate\Container\Container->offsetGet('config')
#6 /home/upayx/getcashfast.ca/vendor/laravel/framework/src/Illuminate/Log/LogManager.php(520): Illuminate\Log\LogManager->getDefaultDriver()
#7 /home/upayx/getcashfast.ca/vendor/laravel/framework/src/Illuminate/Log/LogManager.php(112): Illuminate\Log\LogManager->parseDriver(NULL)
#8 /home/upayx/getcashfast.ca/vendor/laravel/framework/src/Illuminate/Log/LogManager.php(656): Illuminate\Log\LogManager->driver()
#9 /home/upayx/getcashfast.ca/vendor/laravel/framework/src/Illuminate/Foundation/Exceptions/Handler.php(274): Illuminate\Log\LogManager->log('error', 'Call to undefin...', Array)
#10 /home/upayx/getcashfast.ca/vendor/laravel/framework/src/Illuminate/Foundation/Http/Kernel.php(415): Illuminate\Foundation\Exceptions\Handler->report(Object(Error))
#11 /home/upayx/getcashfast.ca/vendor/laravel/framework/src/Illuminate/Foundation/Http/Kernel.php(113): Illuminate\Foundation\Http\Kernel->reportException(Object(Error))
#12 /home/upayx/getcashfast.ca/public/index.php(55): Illuminate\Foundation\Http\Kernel->handle(Object(Illuminate\Http\Request))
#13 {main}
  thrown in /home/upayx/getcashfast.ca/vendor/laravel/framework/src/Illuminate/Container/Container.php on line 877
[02-Aug-2022 19:57:58 UTC] PHP Fatal error:  Uncaught ReflectionException: Class "config" does not exist in /home/upayx/getcashfast.ca/vendor/laravel/framework/src/Illuminate/Container/Container.php:875
Stack trace:
#0 /home/upayx/getcashfast.ca/vendor/laravel/framework/src/Illuminate/Container/Container.php(875): ReflectionClass->__construct('config')
#1 /home/upayx/getcashfast.ca/vendor/laravel/framework/src/Illuminate/Container/Container.php(756): Illuminate\Container\Container->build('config')
#2 /home/upayx/getcashfast.ca/vendor/laravel/framework/src/Illuminate/Foundation/Application.php(855): Illuminate\Container\Container->resolve('config', Array, true)
#3 /home/upayx/getcashfast.ca/vendor/laravel/framework/src/Illuminate/Container/Container.php(692): Illuminate\Foundation\Application->resolve('config', Array)
#4 /home/upayx/getcashfast.ca/vendor/laravel/framework/src/Illuminate/Foundation/Application.php(840): Illuminate\Container\Container->make('config', Array)
#5 /home/upayx/getcashfast.ca/vendor/laravel/framework/src/Illuminate/Container/Container.php(1415): Illuminate\Foundation\Application->make('config')
#6 /home/upayx/getcashfast.ca/vendor/laravel/framework/src/Illuminate/Log/LogManager.php(469): Illuminate\Container\Container->offsetGet('config')
#7 /home/upayx/getcashfast.ca/vendor/laravel/framework/src/Illuminate/Log/LogManager.php(520): Illuminate\Log\LogManager->getDefaultDriver()
#8 /home/upayx/getcashfast.ca/vendor/laravel/framework/src/Illuminate/Log/LogManager.php(112): Illuminate\Log\LogManager->parseDriver(NULL)
#9 /home/upayx/getcashfast.ca/vendor/laravel/framework/src/Illuminate/Log/LogManager.php(656): Illuminate\Log\LogManager->driver()
#10 /home/upayx/getcashfast.ca/vendor/laravel/framework/src/Illuminate/Foundation/Exceptions/Handler.php(274): Illuminate\Log\LogManager->log('error', 'Call to undefin...', Array)
#11 /home/upayx/getcashfast.ca/vendor/laravel/framework/src/Illuminate/Foundation/Http/Kernel.php(415): Illuminate\Foundation\Exceptions\Handler->report(Object(Error))
#12 /home/upayx/getcashfast.ca/vendor/laravel/framework/src/Illuminate/Foundation/Http/Kernel.php(113): Illuminate\Foundation\Http\Kernel->reportException(Object(Error))
#13 /home/upayx/getcashfast.ca/public/index.php(55): Illuminate\Foundation\Http\Kernel->handle(Object(Illuminate\Http\Request))
#14 {main}

Next Illuminate\Contracts\Container\BindingResolutionException: Target class [config] does not exist. in /home/upayx/getcashfast.ca/vendor/laravel/framework/src/Illuminate/Container/Container.php:877
Stack trace:
#0 /home/upayx/getcashfast.ca/vendor/laravel/framework/src/Illuminate/Container/Container.php(756): Illuminate\Container\Container->build('config')
#1 /home/upayx/getcashfast.ca/vendor/laravel/framework/src/Illuminate/Foundation/Application.php(855): Illuminate\Container\Container->resolve('config', Array, true)
#2 /home/upayx/getcashfast.ca/vendor/laravel/framework/src/Illuminate/Container/Container.php(692): Illuminate\Foundation\Application->resolve('config', Array)
#3 /home/upayx/getcashfast.ca/vendor/laravel/framework/src/Illuminate/Foundation/Application.php(840): Illuminate\Container\Container->make('config', Array)
#4 /home/upayx/getcashfast.ca/vendor/laravel/framework/src/Illuminate/Container/Container.php(1415): Illuminate\Foundation\Application->make('config')
#5 /home/upayx/getcashfast.ca/vendor/laravel/framework/src/Illuminate/Log/LogManager.php(469): Illuminate\Container\Container->offsetGet('config')
#6 /home/upayx/getcashfast.ca/vendor/laravel/framework/src/Illuminate/Log/LogManager.php(520): Illuminate\Log\LogManager->getDefaultDriver()
#7 /home/upayx/getcashfast.ca/vendor/laravel/framework/src/Illuminate/Log/LogManager.php(112): Illuminate\Log\LogManager->parseDriver(NULL)
#8 /home/upayx/getcashfast.ca/vendor/laravel/framework/src/Illuminate/Log/LogManager.php(656): Illuminate\Log\LogManager->driver()
#9 /home/upayx/getcashfast.ca/vendor/laravel/framework/src/Illuminate/Foundation/Exceptions/Handler.php(274): Illuminate\Log\LogManager->log('error', 'Call to undefin...', Array)
#10 /home/upayx/getcashfast.ca/vendor/laravel/framework/src/Illuminate/Foundation/Http/Kernel.php(415): Illuminate\Foundation\Exceptions\Handler->report(Object(Error))
#11 /home/upayx/getcashfast.ca/vendor/laravel/framework/src/Illuminate/Foundation/Http/Kernel.php(113): Illuminate\Foundation\Http\Kernel->reportException(Object(Error))
#12 /home/upayx/getcashfast.ca/public/index.php(55): Illuminate\Foundation\Http\Kernel->handle(Object(Illuminate\Http\Request))
#13 {main}
  thrown in /home/upayx/getcashfast.ca/vendor/laravel/framework/src/Illuminate/Container/Container.php on line 877
[02-Aug-2022 20:08:38 UTC] PHP Fatal error:  Uncaught ReflectionException: Class "config" does not exist in /home/upayx/getcashfast.ca/vendor/laravel/framework/src/Illuminate/Container/Container.php:875
Stack trace:
#0 /home/upayx/getcashfast.ca/vendor/laravel/framework/src/Illuminate/Container/Container.php(875): ReflectionClass->__construct('config')
#1 /home/upayx/getcashfast.ca/vendor/laravel/framework/src/Illuminate/Container/Container.php(756): Illuminate\Container\Container->build('config')
#2 /home/upayx/getcashfast.ca/vendor/laravel/framework/src/Illuminate/Foundation/Application.php(855): Illuminate\Container\Container->resolve('config', Array, true)
#3 /home/upayx/getcashfast.ca/vendor/laravel/framework/src/Illuminate/Container/Container.php(692): Illuminate\Foundation\Application->resolve('config', Array)
#4 /home/upayx/getcashfast.ca/vendor/laravel/framework/src/Illuminate/Foundation/Application.php(840): Illuminate\Container\Container->make('config', Array)
#5 /home/upayx/getcashfast.ca/vendor/laravel/framework/src/Illuminate/Container/Container.php(1415): Illuminate\Foundation\Application->make('config')
#6 /home/upayx/getcashfast.ca/vendor/laravel/framework/src/Illuminate/Log/LogManager.php(469): Illuminate\Container\Container->offsetGet('config')
#7 /home/upayx/getcashfast.ca/vendor/laravel/framework/src/Illuminate/Log/LogManager.php(520): Illuminate\Log\LogManager->getDefaultDriver()
#8 /home/upayx/getcashfast.ca/vendor/laravel/framework/src/Illuminate/Log/LogManager.php(112): Illuminate\Log\LogManager->parseDriver(NULL)
#9 /home/upayx/getcashfast.ca/vendor/laravel/framework/src/Illuminate/Log/LogManager.php(656): Illuminate\Log\LogManager->driver()
#10 /home/upayx/getcashfast.ca/vendor/laravel/framework/src/Illuminate/Foundation/Exceptions/Handler.php(274): Illuminate\Log\LogManager->log('error', 'Call to undefin...', Array)
#11 /home/upayx/getcashfast.ca/vendor/laravel/framework/src/Illuminate/Foundation/Http/Kernel.php(415): Illuminate\Foundation\Exceptions\Handler->report(Object(Error))
#12 /home/upayx/getcashfast.ca/vendor/laravel/framework/src/Illuminate/Foundation/Http/Kernel.php(113): Illuminate\Foundation\Http\Kernel->reportException(Object(Error))
#13 /home/upayx/getcashfast.ca/public/index.php(55): Illuminate\Foundation\Http\Kernel->handle(Object(Illuminate\Http\Request))
#14 {main}

Next Illuminate\Contracts\Container\BindingResolutionException: Target class [config] does not exist. in /home/upayx/getcashfast.ca/vendor/laravel/framework/src/Illuminate/Container/Container.php:877
Stack trace:
#0 /home/upayx/getcashfast.ca/vendor/laravel/framework/src/Illuminate/Container/Container.php(756): Illuminate\Container\Container->build('config')
#1 /home/upayx/getcashfast.ca/vendor/laravel/framework/src/Illuminate/Foundation/Application.php(855): Illuminate\Container\Container->resolve('config', Array, true)
#2 /home/upayx/getcashfast.ca/vendor/laravel/framework/src/Illuminate/Container/Container.php(692): Illuminate\Foundation\Application->resolve('config', Array)
#3 /home/upayx/getcashfast.ca/vendor/laravel/framework/src/Illuminate/Foundation/Application.php(840): Illuminate\Container\Container->make('config', Array)
#4 /home/upayx/getcashfast.ca/vendor/laravel/framework/src/Illuminate/Container/Container.php(1415): Illuminate\Foundation\Application->make('config')
#5 /home/upayx/getcashfast.ca/vendor/laravel/framework/src/Illuminate/Log/LogManager.php(469): Illuminate\Container\Container->offsetGet('config')
#6 /home/upayx/getcashfast.ca/vendor/laravel/framework/src/Illuminate/Log/LogManager.php(520): Illuminate\Log\LogManager->getDefaultDriver()
#7 /home/upayx/getcashfast.ca/vendor/laravel/framework/src/Illuminate/Log/LogManager.php(112): Illuminate\Log\LogManager->parseDriver(NULL)
#8 /home/upayx/getcashfast.ca/vendor/laravel/framework/src/Illuminate/Log/LogManager.php(656): Illuminate\Log\LogManager->driver()
#9 /home/upayx/getcashfast.ca/vendor/laravel/framework/src/Illuminate/Foundation/Exceptions/Handler.php(274): Illuminate\Log\LogManager->log('error', 'Call to undefin...', Array)
#10 /home/upayx/getcashfast.ca/vendor/laravel/framework/src/Illuminate/Foundation/Http/Kernel.php(415): Illuminate\Foundation\Exceptions\Handler->report(Object(Error))
#11 /home/upayx/getcashfast.ca/vendor/laravel/framework/src/Illuminate/Foundation/Http/Kernel.php(113): Illuminate\Foundation\Http\Kernel->reportException(Object(Error))
#12 /home/upayx/getcashfast.ca/public/index.php(55): Illuminate\Foundation\Http\Kernel->handle(Object(Illuminate\Http\Request))
#13 {main}
  thrown in /home/upayx/getcashfast.ca/vendor/laravel/framework/src/Illuminate/Container/Container.php on line 877
[02-Aug-2022 20:08:47 UTC] PHP Fatal error:  Uncaught ReflectionException: Class "config" does not exist in /home/upayx/getcashfast.ca/vendor/laravel/framework/src/Illuminate/Container/Container.php:875
Stack trace:
#0 /home/upayx/getcashfast.ca/vendor/laravel/framework/src/Illuminate/Container/Container.php(875): ReflectionClass->__construct('config')
#1 /home/upayx/getcashfast.ca/vendor/laravel/framework/src/Illuminate/Container/Container.php(756): Illuminate\Container\Container->build('config')
#2 /home/upayx/getcashfast.ca/vendor/laravel/framework/src/Illuminate/Foundation/Application.php(855): Illuminate\Container\Container->resolve('config', Array, true)
#3 /home/upayx/getcashfast.ca/vendor/laravel/framework/src/Illuminate/Container/Container.php(692): Illuminate\Foundation\Application->resolve('config', Array)
#4 /home/upayx/getcashfast.ca/vendor/laravel/framework/src/Illuminate/Foundation/Application.php(840): Illuminate\Container\Container->make('config', Array)
#5 /home/upayx/getcashfast.ca/vendor/laravel/framework/src/Illuminate/Container/Container.php(1415): Illuminate\Foundation\Application->make('config')
#6 /home/upayx/getcashfast.ca/vendor/laravel/framework/src/Illuminate/Log/LogManager.php(469): Illuminate\Container\Container->offsetGet('config')
#7 /home/upayx/getcashfast.ca/vendor/laravel/framework/src/Illuminate/Log/LogManager.php(520): Illuminate\Log\LogManager->getDefaultDriver()
#8 /home/upayx/getcashfast.ca/vendor/laravel/framework/src/Illuminate/Log/LogManager.php(112): Illuminate\Log\LogManager->parseDriver(NULL)
#9 /home/upayx/getcashfast.ca/vendor/laravel/framework/src/Illuminate/Log/LogManager.php(656): Illuminate\Log\LogManager->driver()
#10 /home/upayx/getcashfast.ca/vendor/laravel/framework/src/Illuminate/Foundation/Exceptions/Handler.php(274): Illuminate\Log\LogManager->log('error', 'Call to undefin...', Array)
#11 /home/upayx/getcashfast.ca/vendor/laravel/framework/src/Illuminate/Foundation/Http/Kernel.php(415): Illuminate\Foundation\Exceptions\Handler->report(Object(Error))
#12 /home/upayx/getcashfast.ca/vendor/laravel/framework/src/Illuminate/Foundation/Http/Kernel.php(113): Illuminate\Foundation\Http\Kernel->reportException(Object(Error))
#13 /home/upayx/getcashfast.ca/public/index.php(55): Illuminate\Foundation\Http\Kernel->handle(Object(Illuminate\Http\Request))
#14 {main}

Next Illuminate\Contracts\Container\BindingResolutionException: Target class [config] does not exist. in /home/upayx/getcashfast.ca/vendor/laravel/framework/src/Illuminate/Container/Container.php:877
Stack trace:
#0 /home/upayx/getcashfast.ca/vendor/laravel/framework/src/Illuminate/Container/Container.php(756): Illuminate\Container\Container->build('config')
#1 /home/upayx/getcashfast.ca/vendor/laravel/framework/src/Illuminate/Foundation/Application.php(855): Illuminate\Container\Container->resolve('config', Array, true)
#2 /home/upayx/getcashfast.ca/vendor/laravel/framework/src/Illuminate/Container/Container.php(692): Illuminate\Foundation\Application->resolve('config', Array)
#3 /home/upayx/getcashfast.ca/vendor/laravel/framework/src/Illuminate/Foundation/Application.php(840): Illuminate\Container\Container->make('config', Array)
#4 /home/upayx/getcashfast.ca/vendor/laravel/framework/src/Illuminate/Container/Container.php(1415): Illuminate\Foundation\Application->make('config')
#5 /home/upayx/getcashfast.ca/vendor/laravel/framework/src/Illuminate/Log/LogManager.php(469): Illuminate\Container\Container->offsetGet('config')
#6 /home/upayx/getcashfast.ca/vendor/laravel/framework/src/Illuminate/Log/LogManager.php(520): Illuminate\Log\LogManager->getDefaultDriver()
#7 /home/upayx/getcashfast.ca/vendor/laravel/framework/src/Illuminate/Log/LogManager.php(112): Illuminate\Log\LogManager->parseDriver(NULL)
#8 /home/upayx/getcashfast.ca/vendor/laravel/framework/src/Illuminate/Log/LogManager.php(656): Illuminate\Log\LogManager->driver()
#9 /home/upayx/getcashfast.ca/vendor/laravel/framework/src/Illuminate/Foundation/Exceptions/Handler.php(274): Illuminate\Log\LogManager->log('error', 'Call to undefin...', Array)
#10 /home/upayx/getcashfast.ca/vendor/laravel/framework/src/Illuminate/Foundation/Http/Kernel.php(415): Illuminate\Foundation\Exceptions\Handler->report(Object(Error))
#11 /home/upayx/getcashfast.ca/vendor/laravel/framework/src/Illuminate/Foundation/Http/Kernel.php(113): Illuminate\Foundation\Http\Kernel->reportException(Object(Error))
#12 /home/upayx/getcashfast.ca/public/index.php(55): Illuminate\Foundation\Http\Kernel->handle(Object(Illuminate\Http\Request))
#13 {main}
  thrown in /home/upayx/getcashfast.ca/vendor/laravel/framework/src/Illuminate/Container/Container.php on line 877
[02-Aug-2022 20:08:49 UTC] PHP Fatal error:  Uncaught ReflectionException: Class "config" does not exist in /home/upayx/getcashfast.ca/vendor/laravel/framework/src/Illuminate/Container/Container.php:875
Stack trace:
#0 /home/upayx/getcashfast.ca/vendor/laravel/framework/src/Illuminate/Container/Container.php(875): ReflectionClass->__construct('config')
#1 /home/upayx/getcashfast.ca/vendor/laravel/framework/src/Illuminate/Container/Container.php(756): Illuminate\Container\Container->build('config')
#2 /home/upayx/getcashfast.ca/vendor/laravel/framework/src/Illuminate/Foundation/Application.php(855): Illuminate\Container\Container->resolve('config', Array, true)
#3 /home/upayx/getcashfast.ca/vendor/laravel/framework/src/Illuminate/Container/Container.php(692): Illuminate\Foundation\Application->resolve('config', Array)
#4 /home/upayx/getcashfast.ca/vendor/laravel/framework/src/Illuminate/Foundation/Application.php(840): Illuminate\Container\Container->make('config', Array)
#5 /home/upayx/getcashfast.ca/vendor/laravel/framework/src/Illuminate/Container/Container.php(1415): Illuminate\Foundation\Application->make('config')
#6 /home/upayx/getcashfast.ca/vendor/laravel/framework/src/Illuminate/Log/LogManager.php(469): Illuminate\Container\Container->offsetGet('config')
#7 /home/upayx/getcashfast.ca/vendor/laravel/framework/src/Illuminate/Log/LogManager.php(520): Illuminate\Log\LogManager->getDefaultDriver()
#8 /home/upayx/getcashfast.ca/vendor/laravel/framework/src/Illuminate/Log/LogManager.php(112): Illuminate\Log\LogManager->parseDriver(NULL)
#9 /home/upayx/getcashfast.ca/vendor/laravel/framework/src/Illuminate/Log/LogManager.php(656): Illuminate\Log\LogManager->driver()
#10 /home/upayx/getcashfast.ca/vendor/laravel/framework/src/Illuminate/Foundation/Exceptions/Handler.php(274): Illuminate\Log\LogManager->log('error', 'Call to undefin...', Array)
#11 /home/upayx/getcashfast.ca/vendor/laravel/framework/src/Illuminate/Foundation/Http/Kernel.php(415): Illuminate\Foundation\Exceptions\Handler->report(Object(Error))
#12 /home/upayx/getcashfast.ca/vendor/laravel/framework/src/Illuminate/Foundation/Http/Kernel.php(113): Illuminate\Foundation\Http\Kernel->reportException(Object(Error))
#13 /home/upayx/getcashfast.ca/public/index.php(55): Illuminate\Foundation\Http\Kernel->handle(Object(Illuminate\Http\Request))
#14 {main}

Next Illuminate\Contracts\Container\BindingResolutionException: Target class [config] does not exist. in /home/upayx/getcashfast.ca/vendor/laravel/framework/src/Illuminate/Container/Container.php:877
Stack trace:
#0 /home/upayx/getcashfast.ca/vendor/laravel/framework/src/Illuminate/Container/Container.php(756): Illuminate\Container\Container->build('config')
#1 /home/upayx/getcashfast.ca/vendor/laravel/framework/src/Illuminate/Foundation/Application.php(855): Illuminate\Container\Container->resolve('config', Array, true)
#2 /home/upayx/getcashfast.ca/vendor/laravel/framework/src/Illuminate/Container/Container.php(692): Illuminate\Foundation\Application->resolve('config', Array)
#3 /home/upayx/getcashfast.ca/vendor/laravel/framework/src/Illuminate/Foundation/Application.php(840): Illuminate\Container\Container->make('config', Array)
#4 /home/upayx/getcashfast.ca/vendor/laravel/framework/src/Illuminate/Container/Container.php(1415): Illuminate\Foundation\Application->make('config')
#5 /home/upayx/getcashfast.ca/vendor/laravel/framework/src/Illuminate/Log/LogManager.php(469): Illuminate\Container\Container->offsetGet('config')
#6 /home/upayx/getcashfast.ca/vendor/laravel/framework/src/Illuminate/Log/LogManager.php(520): Illuminate\Log\LogManager->getDefaultDriver()
#7 /home/upayx/getcashfast.ca/vendor/laravel/framework/src/Illuminate/Log/LogManager.php(112): Illuminate\Log\LogManager->parseDriver(NULL)
#8 /home/upayx/getcashfast.ca/vendor/laravel/framework/src/Illuminate/Log/LogManager.php(656): Illuminate\Log\LogManager->driver()
#9 /home/upayx/getcashfast.ca/vendor/laravel/framework/src/Illuminate/Foundation/Exceptions/Handler.php(274): Illuminate\Log\LogManager->log('error', 'Call to undefin...', Array)
#10 /home/upayx/getcashfast.ca/vendor/laravel/framework/src/Illuminate/Foundation/Http/Kernel.php(415): Illuminate\Foundation\Exceptions\Handler->report(Object(Error))
#11 /home/upayx/getcashfast.ca/vendor/laravel/framework/src/Illuminate/Foundation/Http/Kernel.php(113): Illuminate\Foundation\Http\Kernel->reportException(Object(Error))
#12 /home/upayx/getcashfast.ca/public/index.php(55): Illuminate\Foundation\Http\Kernel->handle(Object(Illuminate\Http\Request))
#13 {main}
  thrown in /home/upayx/getcashfast.ca/vendor/laravel/framework/src/Illuminate/Container/Container.php on line 877
[02-Aug-2022 20:11:21 UTC] PHP Fatal error:  Uncaught ReflectionException: Class "config" does not exist in /home/upayx/getcashfast.ca/vendor/laravel/framework/src/Illuminate/Container/Container.php:875
Stack trace:
#0 /home/upayx/getcashfast.ca/vendor/laravel/framework/src/Illuminate/Container/Container.php(875): ReflectionClass->__construct('config')
#1 /home/upayx/getcashfast.ca/vendor/laravel/framework/src/Illuminate/Container/Container.php(756): Illuminate\Container\Container->build('config')
#2 /home/upayx/getcashfast.ca/vendor/laravel/framework/src/Illuminate/Foundation/Application.php(855): Illuminate\Container\Container->resolve('config', Array, true)
#3 /home/upayx/getcashfast.ca/vendor/laravel/framework/src/Illuminate/Container/Container.php(692): Illuminate\Foundation\Application->resolve('config', Array)
#4 /home/upayx/getcashfast.ca/vendor/laravel/framework/src/Illuminate/Foundation/Application.php(840): Illuminate\Container\Container->make('config', Array)
#5 /home/upayx/getcashfast.ca/vendor/laravel/framework/src/Illuminate/Container/Container.php(1415): Illuminate\Foundation\Application->make('config')
#6 /home/upayx/getcashfast.ca/vendor/laravel/framework/src/Illuminate/Log/LogManager.php(469): Illuminate\Container\Container->offsetGet('config')
#7 /home/upayx/getcashfast.ca/vendor/laravel/framework/src/Illuminate/Log/LogManager.php(520): Illuminate\Log\LogManager->getDefaultDriver()
#8 /home/upayx/getcashfast.ca/vendor/laravel/framework/src/Illuminate/Log/LogManager.php(112): Illuminate\Log\LogManager->parseDriver(NULL)
#9 /home/upayx/getcashfast.ca/vendor/laravel/framework/src/Illuminate/Log/LogManager.php(656): Illuminate\Log\LogManager->driver()
#10 /home/upayx/getcashfast.ca/vendor/laravel/framework/src/Illuminate/Foundation/Exceptions/Handler.php(274): Illuminate\Log\LogManager->log('error', 'Call to undefin...', Array)
#11 /home/upayx/getcashfast.ca/vendor/laravel/framework/src/Illuminate/Foundation/Http/Kernel.php(415): Illuminate\Foundation\Exceptions\Handler->report(Object(Error))
#12 /home/upayx/getcashfast.ca/vendor/laravel/framework/src/Illuminate/Foundation/Http/Kernel.php(113): Illuminate\Foundation\Http\Kernel->reportException(Object(Error))
#13 /home/upayx/getcashfast.ca/public/index.php(55): Illuminate\Foundation\Http\Kernel->handle(Object(Illuminate\Http\Request))
#14 {main}

Next Illuminate\Contracts\Container\BindingResolutionException: Target class [config] does not exist. in /home/upayx/getcashfast.ca/vendor/laravel/framework/src/Illuminate/Container/Container.php:877
Stack trace:
#0 /home/upayx/getcashfast.ca/vendor/laravel/framework/src/Illuminate/Container/Container.php(756): Illuminate\Container\Container->build('config')
#1 /home/upayx/getcashfast.ca/vendor/laravel/framework/src/Illuminate/Foundation/Application.php(855): Illuminate\Container\Container->resolve('config', Array, true)
#2 /home/upayx/getcashfast.ca/vendor/laravel/framework/src/Illuminate/Container/Container.php(692): Illuminate\Foundation\Application->resolve('config', Array)
#3 /home/upayx/getcashfast.ca/vendor/laravel/framework/src/Illuminate/Foundation/Application.php(840): Illuminate\Container\Container->make('config', Array)
#4 /home/upayx/getcashfast.ca/vendor/laravel/framework/src/Illuminate/Container/Container.php(1415): Illuminate\Foundation\Application->make('config')
#5 /home/upayx/getcashfast.ca/vendor/laravel/framework/src/Illuminate/Log/LogManager.php(469): Illuminate\Container\Container->offsetGet('config')
#6 /home/upayx/getcashfast.ca/vendor/laravel/framework/src/Illuminate/Log/LogManager.php(520): Illuminate\Log\LogManager->getDefaultDriver()
#7 /home/upayx/getcashfast.ca/vendor/laravel/framework/src/Illuminate/Log/LogManager.php(112): Illuminate\Log\LogManager->parseDriver(NULL)
#8 /home/upayx/getcashfast.ca/vendor/laravel/framework/src/Illuminate/Log/LogManager.php(656): Illuminate\Log\LogManager->driver()
#9 /home/upayx/getcashfast.ca/vendor/laravel/framework/src/Illuminate/Foundation/Exceptions/Handler.php(274): Illuminate\Log\LogManager->log('error', 'Call to undefin...', Array)
#10 /home/upayx/getcashfast.ca/vendor/laravel/framework/src/Illuminate/Foundation/Http/Kernel.php(415): Illuminate\Foundation\Exceptions\Handler->report(Object(Error))
#11 /home/upayx/getcashfast.ca/vendor/laravel/framework/src/Illuminate/Foundation/Http/Kernel.php(113): Illuminate\Foundation\Http\Kernel->reportException(Object(Error))
#12 /home/upayx/getcashfast.ca/public/index.php(55): Illuminate\Foundation\Http\Kernel->handle(Object(Illuminate\Http\Request))
#13 {main}
  thrown in /home/upayx/getcashfast.ca/vendor/laravel/framework/src/Illuminate/Container/Container.php on line 877
[20-Dec-2023 22:54:46 UTC] PHP Fatal error:  Composer detected issues in your platform: Your Composer dependencies require a PHP version ">= 8.2.0". You are running 8.0.30. in /home/upayx/getcashfast.ca/vendor/composer/platform_check.php on line 24
[20-Dec-2023 22:54:47 UTC] PHP Fatal error:  Composer detected issues in your platform: Your Composer dependencies require a PHP version ">= 8.2.0". You are running 8.0.30. in /home/upayx/getcashfast.ca/vendor/composer/platform_check.php on line 24
[20-Dec-2023 22:55:20 UTC] PHP Fatal error:  Composer detected issues in your platform: Your Composer dependencies require a PHP version ">= 8.2.0". You are running 8.1.26. in /home/upayx/getcashfast.ca/vendor/composer/platform_check.php on line 24
[20-Dec-2023 22:55:23 UTC] PHP Fatal error:  Composer detected issues in your platform: Your Composer dependencies require a PHP version ">= 8.2.0". You are running 8.1.26. in /home/upayx/getcashfast.ca/vendor/composer/platform_check.php on line 24
[20-Dec-2023 22:55:40 UTC] PHP Fatal error:  Composer detected issues in your platform: Your Composer dependencies require a PHP version ">= 8.2.0". You are running 8.1.26. in /home/upayx/getcashfast.ca/vendor/composer/platform_check.php on line 24
[20-Dec-2023 22:55:45 UTC] PHP Fatal error:  Composer detected issues in your platform: Your Composer dependencies require a PHP version ">= 8.2.0". You are running 8.1.26. in /home/upayx/getcashfast.ca/vendor/composer/platform_check.php on line 24
[20-Dec-2023 22:56:14 UTC] PHP Fatal error:  Composer detected issues in your platform: Your Composer dependencies require a PHP version ">= 8.2.0". You are running 8.0.30. in /home/upayx/getcashfast.ca/vendor/composer/platform_check.php on line 24
[20-Dec-2023 22:56:18 UTC] PHP Fatal error:  Composer detected issues in your platform: Your Composer dependencies require a PHP version ">= 8.2.0". You are running 8.1.26. in /home/upayx/getcashfast.ca/vendor/composer/platform_check.php on line 24
[20-Dec-2023 22:56:19 UTC] PHP Fatal error:  Composer detected issues in your platform: Your Composer dependencies require a PHP version ">= 8.2.0". You are running 8.1.26. in /home/upayx/getcashfast.ca/vendor/composer/platform_check.php on line 24
[20-Dec-2023 22:56:21 UTC] PHP Fatal error:  Composer detected issues in your platform: Your Composer dependencies require a PHP version ">= 8.2.0". You are running 8.1.26. in /home/upayx/getcashfast.ca/vendor/composer/platform_check.php on line 24
[20-Dec-2023 22:56:22 UTC] PHP Fatal error:  Composer detected issues in your platform: Your Composer dependencies require a PHP version ">= 8.2.0". You are running 8.1.26. in /home/upayx/getcashfast.ca/vendor/composer/platform_check.php on line 24
[20-Dec-2023 22:56:23 UTC] PHP Fatal error:  Composer detected issues in your platform: Your Composer dependencies require a PHP version ">= 8.2.0". You are running 8.1.26. in /home/upayx/getcashfast.ca/vendor/composer/platform_check.php on line 24
[20-Dec-2023 22:56:26 UTC] PHP Fatal error:  Composer detected issues in your platform: Your Composer dependencies require a PHP version ">= 8.2.0". You are running 8.1.26. in /home/upayx/getcashfast.ca/vendor/composer/platform_check.php on line 24
[20-Dec-2023 22:56:26 UTC] PHP Fatal error:  Composer detected issues in your platform: Your Composer dependencies require a PHP version ">= 8.2.0". You are running 8.1.26. in /home/upayx/getcashfast.ca/vendor/composer/platform_check.php on line 24
[20-Dec-2023 22:57:36 UTC] PHP Fatal error:  Composer detected issues in your platform: Your Composer dependencies require a PHP version ">= 8.2.0". You are running 8.1.26. in /home/upayx/getcashfast.ca/vendor/composer/platform_check.php on line 24
[20-Dec-2023 22:57:56 UTC] PHP Fatal error:  Composer detected issues in your platform: Your Composer dependencies require a PHP version ">= 8.2.0". You are running 8.1.26. in /home/upayx/getcashfast.ca/vendor/composer/platform_check.php on line 24
[20-Dec-2023 22:58:22 UTC] PHP Fatal error:  Composer detected issues in your platform: Your Composer dependencies require a PHP version ">= 8.2.0". You are running 8.1.26. in /home/upayx/getcashfast.ca/vendor/composer/platform_check.php on line 24
[20-Dec-2023 22:58:23 UTC] PHP Fatal error:  Composer detected issues in your platform: Your Composer dependencies require a PHP version ">= 8.2.0". You are running 8.1.26. in /home/upayx/getcashfast.ca/vendor/composer/platform_check.php on line 24
[20-Dec-2023 22:59:50 UTC] PHP Fatal error:  Composer detected issues in your platform: Your Composer dependencies require a PHP version ">= 8.2.0". You are running 8.1.26. in /home/upayx/getcashfast.ca/vendor/composer/platform_check.php on line 24
[20-Dec-2023 22:59:51 UTC] PHP Fatal error:  Composer detected issues in your platform: Your Composer dependencies require a PHP version ">= 8.2.0". You are running 8.1.26. in /home/upayx/getcashfast.ca/vendor/composer/platform_check.php on line 24
[20-Dec-2023 23:00:14 UTC] PHP Fatal error:  Composer detected issues in your platform: Your Composer dependencies require a PHP version ">= 8.2.0". You are running 8.1.26. in /home/upayx/getcashfast.ca/vendor/composer/platform_check.php on line 24
[20-Dec-2023 23:00:40 UTC] PHP Fatal error:  Composer detected issues in your platform: Your Composer dependencies require a PHP version ">= 8.2.0". You are running 8.1.26. in /home/upayx/getcashfast.ca/vendor/composer/platform_check.php on line 24
[20-Dec-2023 23:02:55 UTC] PHP Fatal error:  Composer detected issues in your platform: Your Composer dependencies require a PHP version ">= 8.2.0". You are running 8.1.26. in /home/upayx/getcashfast.ca/vendor/composer/platform_check.php on line 24
[20-Dec-2023 23:02:56 UTC] PHP Fatal error:  Composer detected issues in your platform: Your Composer dependencies require a PHP version ">= 8.2.0". You are running 8.1.26. in /home/upayx/getcashfast.ca/vendor/composer/platform_check.php on line 24
[20-Dec-2023 23:03:10 UTC] PHP Fatal error:  Composer detected issues in your platform: Your Composer dependencies require a PHP version ">= 8.2.0". You are running 8.1.26. in /home/upayx/getcashfast.ca/vendor/composer/platform_check.php on line 24
[20-Dec-2023 23:03:14 UTC] PHP Fatal error:  Composer detected issues in your platform: Your Composer dependencies require a PHP version ">= 8.2.0". You are running 8.0.30. in /home/upayx/getcashfast.ca/vendor/composer/platform_check.php on line 24
[20-Dec-2023 23:03:19 UTC] PHP Fatal error:  Composer detected issues in your platform: Your Composer dependencies require a PHP version ">= 8.2.0". You are running 8.1.26. in /home/upayx/getcashfast.ca/vendor/composer/platform_check.php on line 24
[20-Dec-2023 23:05:02 UTC] PHP Fatal error:  Composer detected issues in your platform: Your Composer dependencies require a PHP version ">= 8.2.0". You are running 8.0.30. in /home/upayx/getcashfast.ca/vendor/composer/platform_check.php on line 24
[20-Dec-2023 23:05:40 UTC] PHP Fatal error:  Composer detected issues in your platform: Your Composer dependencies require a PHP version ">= 8.2.0". You are running 8.0.30. in /home/upayx/getcashfast.ca/vendor/composer/platform_check.php on line 24
[20-Dec-2023 23:06:26 UTC] PHP Fatal error:  Composer detected issues in your platform: Your Composer dependencies require a PHP version ">= 8.2.0". You are running 8.0.30. in /home/upayx/getcashfast.ca/vendor/composer/platform_check.php on line 24
[20-Dec-2023 23:06:27 UTC] PHP Fatal error:  Composer detected issues in your platform: Your Composer dependencies require a PHP version ">= 8.2.0". You are running 8.0.30. in /home/upayx/getcashfast.ca/vendor/composer/platform_check.php on line 24
[20-Dec-2023 23:06:27 UTC] PHP Fatal error:  Composer detected issues in your platform: Your Composer dependencies require a PHP version ">= 8.2.0". You are running 8.0.30. in /home/upayx/getcashfast.ca/vendor/composer/platform_check.php on line 24
[20-Dec-2023 23:06:42 UTC] PHP Fatal error:  Composer detected issues in your platform: Your Composer dependencies require a PHP version ">= 8.2.0". You are running 8.0.30. in /home/upayx/getcashfast.ca/vendor/composer/platform_check.php on line 24
[20-Dec-2023 23:06:43 UTC] PHP Fatal error:  Composer detected issues in your platform: Your Composer dependencies require a PHP version ">= 8.2.0". You are running 8.0.30. in /home/upayx/getcashfast.ca/vendor/composer/platform_check.php on line 24
[20-Dec-2023 23:06:46 UTC] PHP Fatal error:  Composer detected issues in your platform: Your Composer dependencies require a PHP version ">= 8.2.0". You are running 8.1.26. in /home/upayx/getcashfast.ca/vendor/composer/platform_check.php on line 24
[20-Dec-2023 23:06:47 UTC] PHP Fatal error:  Composer detected issues in your platform: Your Composer dependencies require a PHP version ">= 8.2.0". You are running 8.1.26. in /home/upayx/getcashfast.ca/vendor/composer/platform_check.php on line 24
[20-Dec-2023 23:06:49 UTC] PHP Fatal error:  Composer detected issues in your platform: Your Composer dependencies require a PHP version ">= 8.2.0". You are running 8.1.26. in /home/upayx/getcashfast.ca/vendor/composer/platform_check.php on line 24
[20-Dec-2023 23:06:50 UTC] PHP Fatal error:  Composer detected issues in your platform: Your Composer dependencies require a PHP version ">= 8.2.0". You are running 8.1.26. in /home/upayx/getcashfast.ca/vendor/composer/platform_check.php on line 24
[20-Dec-2023 23:06:50 UTC] PHP Fatal error:  Composer detected issues in your platform: Your Composer dependencies require a PHP version ">= 8.2.0". You are running 8.1.26. in /home/upayx/getcashfast.ca/vendor/composer/platform_check.php on line 24
[20-Dec-2023 23:06:50 UTC] PHP Fatal error:  Composer detected issues in your platform: Your Composer dependencies require a PHP version ">= 8.2.0". You are running 8.1.26. in /home/upayx/getcashfast.ca/vendor/composer/platform_check.php on line 24
[20-Dec-2023 23:06:50 UTC] PHP Fatal error:  Composer detected issues in your platform: Your Composer dependencies require a PHP version ">= 8.2.0". You are running 8.1.26. in /home/upayx/getcashfast.ca/vendor/composer/platform_check.php on line 24
[20-Dec-2023 23:06:57 UTC] PHP Fatal error:  Uncaught ReflectionException: Class "config" does not exist in /home/upayx/getcashfast.ca/vendor/laravel/framework/src/Illuminate/Container/Container.php:889
Stack trace:
#0 /home/upayx/getcashfast.ca/vendor/laravel/framework/src/Illuminate/Container/Container.php(889): ReflectionClass->__construct('config')
#1 /home/upayx/getcashfast.ca/vendor/laravel/framework/src/Illuminate/Container/Container.php(770): Illuminate\Container\Container->build('config')
#2 /home/upayx/getcashfast.ca/vendor/laravel/framework/src/Illuminate/Foundation/Application.php(856): Illuminate\Container\Container->resolve('config', Array, true)
#3 /home/upayx/getcashfast.ca/vendor/laravel/framework/src/Illuminate/Container/Container.php(706): Illuminate\Foundation\Application->resolve('config', Array)
#4 /home/upayx/getcashfast.ca/vendor/laravel/framework/src/Illuminate/Foundation/Application.php(841): Illuminate\Container\Container->make('config', Array)
#5 /home/upayx/getcashfast.ca/vendor/laravel/framework/src/Illuminate/Container/Container.php(1431): Illuminate\Foundation\Application->make('config')
#6 /home/upayx/getcashfast.ca/vendor/laravel/framework/src/Illuminate/Log/LogManager.php(524): Illuminate\Container\Container->offsetGet('config')
#7 /home/upayx/getcashfast.ca/vendor/laravel/framework/src/Illuminate/Log/LogManager.php(575): Illuminate\Log\LogManager->getDefaultDriver()
#8 /home/upayx/getcashfast.ca/vendor/laravel/framework/src/Illuminate/Log/LogManager.php(122): Illuminate\Log\LogManager->parseDriver(NULL)
#9 /home/upayx/getcashfast.ca/vendor/laravel/framework/src/Illuminate/Log/LogManager.php(645): Illuminate\Log\LogManager->driver()
#10 /home/upayx/getcashfast.ca/vendor/laravel/framework/src/Illuminate/Foundation/Exceptions/Handler.php(274): Illuminate\Log\LogManager->error('Call to undefin...', Array)
#11 /home/upayx/getcashfast.ca/vendor/laravel/framework/src/Illuminate/Foundation/Http/Kernel.php(481): Illuminate\Foundation\Exceptions\Handler->report(Object(Error))
#12 /home/upayx/getcashfast.ca/vendor/laravel/framework/src/Illuminate/Foundation/Http/Kernel.php(136): Illuminate\Foundation\Http\Kernel->reportException(Object(Error))
#13 /home/upayx/getcashfast.ca/public/index.php(54): Illuminate\Foundation\Http\Kernel->handle(Object(Illuminate\Http\Request))
#14 {main}

Next Illuminate\Contracts\Container\BindingResolutionException: Target class [config] does not exist. in /home/upayx/getcashfast.ca/vendor/laravel/framework/src/Illuminate/Container/Container.php:891
Stack trace:
#0 /home/upayx/getcashfast.ca/vendor/laravel/framework/src/Illuminate/Container/Container.php(770): Illuminate\Container\Container->build('config')
#1 /home/upayx/getcashfast.ca/vendor/laravel/framework/src/Illuminate/Foundation/Application.php(856): Illuminate\Container\Container->resolve('config', Array, true)
#2 /home/upayx/getcashfast.ca/vendor/laravel/framework/src/Illuminate/Container/Container.php(706): Illuminate\Foundation\Application->resolve('config', Array)
#3 /home/upayx/getcashfast.ca/vendor/laravel/framework/src/Illuminate/Foundation/Application.php(841): Illuminate\Container\Container->make('config', Array)
#4 /home/upayx/getcashfast.ca/vendor/laravel/framework/src/Illuminate/Container/Container.php(1431): Illuminate\Foundation\Application->make('config')
#5 /home/upayx/getcashfast.ca/vendor/laravel/framework/src/Illuminate/Log/LogManager.php(524): Illuminate\Container\Container->offsetGet('config')
#6 /home/upayx/getcashfast.ca/vendor/laravel/framework/src/Illuminate/Log/LogManager.php(575): Illuminate\Log\LogManager->getDefaultDriver()
#7 /home/upayx/getcashfast.ca/vendor/laravel/framework/src/Illuminate/Log/LogManager.php(122): Illuminate\Log\LogManager->parseDriver(NULL)
#8 /home/upayx/getcashfast.ca/vendor/laravel/framework/src/Illuminate/Log/LogManager.php(645): Illuminate\Log\LogManager->driver()
#9 /home/upayx/getcashfast.ca/vendor/laravel/framework/src/Illuminate/Foundation/Exceptions/Handler.php(274): Illuminate\Log\LogManager->error('Call to undefin...', Array)
#10 /home/upayx/getcashfast.ca/vendor/laravel/framework/src/Illuminate/Foundation/Http/Kernel.php(481): Illuminate\Foundation\Exceptions\Handler->report(Object(Error))
#11 /home/upayx/getcashfast.ca/vendor/laravel/framework/src/Illuminate/Foundation/Http/Kernel.php(136): Illuminate\Foundation\Http\Kernel->reportException(Object(Error))
#12 /home/upayx/getcashfast.ca/public/index.php(54): Illuminate\Foundation\Http\Kernel->handle(Object(Illuminate\Http\Request))
#13 {main}
  thrown in /home/upayx/getcashfast.ca/vendor/laravel/framework/src/Illuminate/Container/Container.php on line 891
[20-Dec-2023 23:07:15 UTC] PHP Fatal error:  Composer detected issues in your platform: Your Composer dependencies require a PHP version ">= 8.2.0". You are running 8.1.26. in /home/upayx/getcashfast.ca/vendor/composer/platform_check.php on line 24
[20-Dec-2023 23:07:16 UTC] PHP Fatal error:  Composer detected issues in your platform: Your Composer dependencies require a PHP version ">= 8.2.0". You are running 8.1.26. in /home/upayx/getcashfast.ca/vendor/composer/platform_check.php on line 24
[20-Dec-2023 23:07:53 UTC] PHP Fatal error:  Composer detected issues in your platform: Your Composer dependencies require a PHP version ">= 8.2.0". You are running 8.1.26. in /home/upayx/getcashfast.ca/vendor/composer/platform_check.php on line 24
[20-Dec-2023 23:07:53 UTC] PHP Fatal error:  Composer detected issues in your platform: Your Composer dependencies require a PHP version ">= 8.2.0". You are running 8.1.26. in /home/upayx/getcashfast.ca/vendor/composer/platform_check.php on line 24
[20-Dec-2023 23:07:56 UTC] PHP Fatal error:  Composer detected issues in your platform: Your Composer dependencies require a PHP version ">= 8.2.0". You are running 8.1.26. in /home/upayx/getcashfast.ca/vendor/composer/platform_check.php on line 24
[20-Dec-2023 23:08:34 UTC] PHP Fatal error:  Composer detected issues in your platform: Your Composer dependencies require a PHP version ">= 8.2.0". You are running 8.1.26. in /home/upayx/getcashfast.ca/vendor/composer/platform_check.php on line 24
[20-Dec-2023 23:08:35 UTC] PHP Fatal error:  Composer detected issues in your platform: Your Composer dependencies require a PHP version ">= 8.2.0". You are running 8.1.26. in /home/upayx/getcashfast.ca/vendor/composer/platform_check.php on line 24
[20-Dec-2023 23:08:52 UTC] PHP Fatal error:  Composer detected issues in your platform: Your Composer dependencies require a PHP version ">= 8.2.0". You are running 8.1.26. in /home/upayx/getcashfast.ca/vendor/composer/platform_check.php on line 24
[20-Dec-2023 23:08:59 UTC] PHP Fatal error:  Composer detected issues in your platform: Your Composer dependencies require a PHP version ">= 8.2.0". You are running 8.1.26. in /home/upayx/getcashfast.ca/vendor/composer/platform_check.php on line 24
[20-Dec-2023 23:09:00 UTC] PHP Fatal error:  Composer detected issues in your platform: Your Composer dependencies require a PHP version ">= 8.2.0". You are running 8.1.26. in /home/upayx/getcashfast.ca/vendor/composer/platform_check.php on line 24
[20-Dec-2023 23:09:11 UTC] PHP Fatal error:  Composer detected issues in your platform: Your Composer dependencies require a PHP version ">= 8.2.0". You are running 8.1.26. in /home/upayx/getcashfast.ca/vendor/composer/platform_check.php on line 24
[20-Dec-2023 23:09:29 UTC] PHP Fatal error:  Composer detected issues in your platform: Your Composer dependencies require a PHP version ">= 8.2.0". You are running 8.1.26. in /home/upayx/getcashfast.ca/vendor/composer/platform_check.php on line 24
[20-Dec-2023 23:09:32 UTC] PHP Fatal error:  Composer detected issues in your platform: Your Composer dependencies require a PHP version ">= 8.2.0". You are running 8.1.26. in /home/upayx/getcashfast.ca/vendor/composer/platform_check.php on line 24
[20-Dec-2023 23:09:48 UTC] PHP Fatal error:  Composer detected issues in your platform: Your Composer dependencies require a PHP version ">= 8.2.0". You are running 8.1.26. in /home/upayx/getcashfast.ca/vendor/composer/platform_check.php on line 24
[20-Dec-2023 23:10:40 UTC] PHP Fatal error:  Composer detected issues in your platform: Your Composer dependencies require a PHP version ">= 8.2.0". You are running 8.1.26. in /home/upayx/getcashfast.ca/vendor/composer/platform_check.php on line 24
